###############################################################################
#                                                                             #
# IAR 8051 C/C++ Compiler V7.30B/W32                    11/Oct/2011  15:26:31 #
# Copyright 2004-2007 IAR Systems. All rights reserved.                       #
#                                                                             #
#    Core               =  plain                                              #
#    Code model         =  banked                                             #
#    Data model         =  large                                              #
#    Calling convention =  xdata reentrant                                    #
#    Constant location  =  data                                               #
#    Dptr setup         =  1,16                                               #
#    Source file        =  E:\work_wangti\main\Zigbee\cc2430\third_party\Zsta #
#                          ck\Components\mt\DebugTrace.c                      #
#    Command line       =  -f E:\work_wangti\main\Zigbee\cc2430\app\Lcd_aging #
#                          _cc2430\iar_file\..\config\f8wEndev.cfg            #
#                          (-DCPU32MHZ -DFORCE_MAC_NEAR -DROOT=__near_func    #
#                          -DMAC_OPT_FFD=0 -DBLINK_LEDS "-DCONST=const        #
#                          __code" -DGENERIC=__generic                        #
#                          -DOSC32K_CRYSTAL_INSTALLED=FALSE) -f               #
#                          E:\work_wangti\main\Zigbee\cc2430\app\Lcd_aging_cc #
#                          2430\iar_file\..\config\f8wConfig.cfg (-DSECURE=0  #
#                          -DDEFAULT_CHANLIST=0x00000800                      #
#                          -DZDAPP_CONFIG_PAN_ID=0xFFFF                       #
#                          -DNWK_START_DELAY=100 -DEXTENDED_JOINING_RANDOM_MA #
#                          SK=0x007F -DBEACON_REQUEST_DELAY=100               #
#                          -DBEACON_REQ_DELAY_MASK=0x00FF                     #
#                          -DROUTE_EXPIRY_TIME=30 -DAPSC_ACK_WAIT_DURATION_PO #
#                          LLED=500 -DNWK_INDIRECT_MSG_TIMEOUT=7              #
#                          -DMAX_RREQ_ENTRIES=10 -DAPSC_MAX_FRAME_RETRIES=3   #
#                          -DNWK_MAX_DATA_RETRIES=2                           #
#                          -DMAX_POLL_FAILURE_RETRIES=10 -DMAX_BCAST=9        #
#                          -DAPS_MAX_GROUPS=16 -DMAX_RTG_ENTRIES=20           #
#                          -DNWK_MAX_BINDING_ENTRIES=10                       #
#                          -DMAX_BINDING_CLUSTER_IDS=5 "-DDEFAULT_KEY={0x01,  #
#                          0x03, 0x05, 0x07, 0x09, 0x0B, 0x0D, 0x0F, 0x00,    #
#                          0x02, 0x04, 0x06, 0x08, 0x0A, 0x0C, 0x0D}"         #
#                          -DRFD_RCVC_ALWAYS_ON=TRUE -DPOLL_RATE=220          #
#                          -DQUEUED_POLL_RATE=20 -DRESPONSE_POLL_RATE=20      #
#                          -DREJOIN_POLL_RATE=440 -DOSAL_NV_PAGES_USED=4)     #
#                          -DOSAL_NV_PAGE_BEG=58 E:\work_wangti\main\Zigbee\c #
#                          c2430\third_party\Zstack\Components\mt\DebugTrace. #
#                          c -D MENU_RF_DEBUG -D RSSI_INFORMATION -D          #
#                          PACKAGE_INFORMATION -D xSMS_TEMPLATE -D            #
#                          xMENU_CLOCKFORMAT -D CELLSWITCH_DEBUG -D           #
#                          MP_INFORMATION -D HOLD_AUTO_START -D xSMS_SENDBOX  #
#                          -D xMP_VERSION_1_1 -D NEW_MENU_LIB -D              #
#                          WATCHDOG=TRUE -D NEW_DOUBLE_NVID_OP -D             #
#                          AUDIO_SERIAL -D MINE_PROJECTS -D NWK_AUTO_POLL -D  #
#                          xAUDIO_TEST -D xSINGLE_AUDIO_TEST -D               #
#                          xMULTIAUDIO_TEST -D xREFLECTOR -D xLCD_SUPPORTED   #
#                          -D HAL_LCD=FALSE -D HAL_AUDIO=TRUE -D              #
#                          HAL_SPI=FALSE -D HAL_UART=FALSE -D HAL_LED=FALSE   #
#                          -D HAL_AES=FALSE -D HAL_DMA=FALSE -D               #
#                          IDX_THRESHOLD=12 -D MACNODEBUG -D                  #
#                          MAC_NO_PARAM_CHECK -lC E:\work_wangti\main\Zigbee\ #
#                          cc2430\app\Lcd_aging_cc2430\iar_file\MobilePhone_D #
#                          ebug\List\ -lA E:\work_wangti\main\Zigbee\cc2430\a #
#                          pp\Lcd_aging_cc2430\iar_file\MobilePhone_Debug\Lis #
#                          t\ --diag_suppress Pe001,Pa010 --diag_remark       #
#                          pe550 -o E:\work_wangti\main\Zigbee\cc2430\app\Lcd #
#                          _aging_cc2430\iar_file\MobilePhone_Debug\Obj\ -e   #
#                          --require_prototypes -z9 --debug --core=plain      #
#                          --dptr=16,1 --data_model=large                     #
#                          --code_model=banked --calling_convention=xdata_ree #
#                          ntrant --place_constants=data --nr_virtual_regs 8  #
#                          -I E:\work_wangti\main\Zigbee\cc2430\app\Lcd_aging #
#                          _cc2430\iar_file\ -I E:\work_wangti\main\Zigbee\cc #
#                          2430\app\Lcd_aging_cc2430\iar_file\..\..\..\util\  #
#                          -I E:\work_wangti\main\Zigbee\cc2430\app\Lcd_aging #
#                          _cc2430\iar_file\..\..\..\..\..\common\ -I         #
#                          E:\work_wangti\main\Zigbee\cc2430\app\Lcd_aging_cc #
#                          2430\iar_file\..\..\..\..\..\common\1g\ -I         #
#                          E:\work_wangti\main\Zigbee\cc2430\app\Lcd_aging_cc #
#                          2430\iar_file\..\..\..\..\..\ -I                   #
#                          E:\work_wangti\main\Zigbee\cc2430\app\Lcd_aging_cc #
#                          2430\iar_file\..\..\..\..\..\..\ALGORITHM\lib\Loca #
#                          tionEngine\cc2431\ -I E:\work_wangti\main\Zigbee\c #
#                          c2430\app\Lcd_aging_cc2430\iar_file\..\SOURCE\ -I  #
#                          E:\work_wangti\main\Zigbee\cc2430\app\Lcd_aging_cc #
#                          2430\iar_file\..\SOURCE\Location\ -I               #
#                          E:\work_wangti\main\Zigbee\cc2430\app\Lcd_aging_cc #
#                          2430\iar_file\..\SOURCE\MenuLib\ -I                #
#                          E:\work_wangti\main\Zigbee\cc2430\app\Lcd_aging_cc #
#                          2430\iar_file\..\SOURCE\MenuLib\Util\ -I           #
#                          E:\work_wangti\main\Zigbee\cc2430\app\Lcd_aging_cc #
#                          2430\iar_file\..\..\..\third_party\Zstack\Projects #
#                          \zstack\ZMAIN\TI2430DB\ -I                         #
#                          E:\work_wangti\main\Zigbee\cc2430\app\Lcd_aging_cc #
#                          2430\iar_file\..\..\..\third_party\Zstack\COMPONEN #
#                          TS\MT\ -I E:\work_wangti\main\Zigbee\cc2430\app\Lc #
#                          d_aging_cc2430\iar_file\..\..\..\third_party\Zstac #
#                          k\COMPONENTS\HAL\INCLUDE\ -I                       #
#                          E:\work_wangti\main\Zigbee\cc2430\app\Lcd_aging_cc #
#                          2430\iar_file\..\..\..\driver\ -I                  #
#                          E:\work_wangti\main\Zigbee\cc2430\app\Lcd_aging_cc #
#                          2430\iar_file\..\..\..\driver\yiri_MP\ -I          #
#                          E:\work_wangti\main\Zigbee\cc2430\app\Lcd_aging_cc #
#                          2430\iar_file\..\..\..\driver\yiri_MP\audio\ -I    #
#                          E:\work_wangti\main\Zigbee\cc2430\app\Lcd_aging_cc #
#                          2430\iar_file\..\..\..\driver\yiri_MP\comm\ -I     #
#                          E:\work_wangti\main\Zigbee\cc2430\app\Lcd_aging_cc #
#                          2430\iar_file\..\..\..\driver\yiri_MP\key\ -I      #
#                          E:\work_wangti\main\Zigbee\cc2430\app\Lcd_aging_cc #
#                          2430\iar_file\..\..\..\driver\yiri_MP\lcd\ -I      #
#                          E:\work_wangti\main\Zigbee\cc2430\app\Lcd_aging_cc #
#                          2430\iar_file\..\..\..\third_party\Zstack\COMPONEN #
#                          TS\OSAL\MCU\CCSOC\ -I E:\work_wangti\main\Zigbee\c #
#                          c2430\app\Lcd_aging_cc2430\iar_file\..\..\..\third #
#                          _party\Zstack\COMPONENTS\OSAL\INCLUDE\ -I          #
#                          E:\work_wangti\main\Zigbee\cc2430\app\Lcd_aging_cc #
#                          2430\iar_file\..\..\..\third_party\Zstack\COMPONEN #
#                          TS\STACK\AF\ -I E:\work_wangti\main\Zigbee\cc2430\ #
#                          app\Lcd_aging_cc2430\iar_file\..\..\..\third_party #
#                          \Zstack\COMPONENTS\STACK\NWK\ -I                   #
#                          E:\work_wangti\main\Zigbee\cc2430\app\Lcd_aging_cc #
#                          2430\iar_file\..\..\..\third_party\Zstack\COMPONEN #
#                          TS\STACK\SEC\ -I E:\work_wangti\main\Zigbee\cc2430 #
#                          \app\Lcd_aging_cc2430\iar_file\..\..\..\third_part #
#                          y\Zstack\COMPONENTS\STACK\SYS\ -I                  #
#                          E:\work_wangti\main\Zigbee\cc2430\app\Lcd_aging_cc #
#                          2430\iar_file\..\..\..\third_party\Zstack\COMPONEN #
#                          TS\STACK\ZDO\ -I E:\work_wangti\main\Zigbee\cc2430 #
#                          \app\Lcd_aging_cc2430\iar_file\..\..\..\third_part #
#                          y\Zstack\COMPONENTS\ZMAC\F8W\ -I                   #
#                          E:\work_wangti\main\Zigbee\cc2430\app\Lcd_aging_cc #
#                          2430\iar_file\..\..\..\third_party\Zstack\COMPONEN #
#                          TS\ZMAC\ -I E:\work_wangti\main\Zigbee\cc2430\app\ #
#                          Lcd_aging_cc2430\iar_file\..\..\..\third_party\Zst #
#                          ack\COMPONENTS\SERVICES\SADDR\ -I                  #
#                          E:\work_wangti\main\Zigbee\cc2430\app\Lcd_aging_cc #
#                          2430\iar_file\..\..\..\third_party\Zstack\COMPONEN #
#                          TS\SERVICES\SDATA\ -I E:\work_wangti\main\Zigbee\c #
#                          c2430\app\Lcd_aging_cc2430\iar_file\..\..\..\third #
#                          _party\Zstack\COMPONENTS\MAC\INCLUDE\ -I           #
#                          E:\work_wangti\main\Zigbee\cc2430\app\Lcd_aging_cc #
#                          2430\iar_file\..\..\..\third_party\Zstack\COMPONEN #
#                          TS\MAC\HIGH_LEVEL\ -I E:\work_wangti\main\Zigbee\c #
#                          c2430\app\Lcd_aging_cc2430\iar_file\..\..\..\third #
#                          _party\Zstack\COMPONENTS\MAC\LOW_LEVEL\SRF03\ -I   #
#                          E:\work_wangti\main\Zigbee\cc2430\app\Lcd_aging_cc #
#                          2430\iar_file\..\..\..\third_party\Zstack\COMPONEN #
#                          TS\MAC\LOW_LEVEL\SRF03\SINGLE_CHIP\ -I             #
#                          "C:\Program Files\IAR Systems\Embedded Workbench   #
#                          4.0 Evaluation version\8051\INC\" -I "C:\Program   #
#                          Files\IAR Systems\Embedded Workbench 4.0           #
#                          Evaluation version\8051\INC\CLIB\"                 #
#    List file          =  E:\work_wangti\main\Zigbee\cc2430\app\Lcd_aging_cc #
#                          2430\iar_file\MobilePhone_Debug\List\DebugTrace.ls #
#                          t                                                  #
#    Object file        =  E:\work_wangti\main\Zigbee\cc2430\app\Lcd_aging_cc #
#                          2430\iar_file\MobilePhone_Debug\Obj\DebugTrace.r51 #
#                                                                             #
#                                                                             #
###############################################################################

E:\work_wangti\main\Zigbee\cc2430\third_party\Zstack\Components\mt\DebugTrace.c
      1          /**************************************************************************************************
      2            Filename:       DebugTrace.c
      3            Revised:        $Date: 2009/02/07 01:08:32 $
      4            Revision:       $Revision: 1.1.1.1 $
      5          
      6            Description:    This interface provides quick one-function-call functions to
      7                            Monitor and Test reporting mechanisms.
      8          
      9          
     10            Copyright 2004-2007 Texas Instruments Incorporated. All rights reserved.
     11          
     12            IMPORTANT: Your use of this Software is limited to those specific rights
     13            granted under the terms of a software license agreement between the user
     14            who downloaded the software, his/her employer (which must be your employer)
     15            and Texas Instruments Incorporated (the "License").  You may not use this
     16            Software unless you agree to abide by the terms of the License. The License
     17            limits your use, and you acknowledge, that the Software may not be modified,
     18            copied or distributed unless embedded on a Texas Instruments microcontroller
     19            or used solely and exclusively in conjunction with a Texas Instruments radio
     20            frequency transceiver, which is integrated into your product.  Other than for
     21            the foregoing purpose, you may not use, reproduce, copy, prepare derivative
     22            works of, modify, distribute, perform, display or sell this Software and/or
     23            its documentation for any purpose.
     24          
     25            YOU FURTHER ACKNOWLEDGE AND AGREE THAT THE SOFTWARE AND DOCUMENTATION ARE
     26            PROVIDED “AS IS” WITHOUT WARRANTY OF ANY KIND, EITHER EXPRESS OR IMPLIED, 
     27            INCLUDING WITHOUT LIMITATION, ANY WARRANTY OF MERCHANTABILITY, TITLE, 
     28            NON-INFRINGEMENT AND FITNESS FOR A PARTICULAR PURPOSE. IN NO EVENT SHALL
     29            TEXAS INSTRUMENTS OR ITS LICENSORS BE LIABLE OR OBLIGATED UNDER CONTRACT,
     30            NEGLIGENCE, STRICT LIABILITY, CONTRIBUTION, BREACH OF WARRANTY, OR OTHER
     31            LEGAL EQUITABLE THEORY ANY DIRECT OR INDIRECT DAMAGES OR EXPENSES
     32            INCLUDING BUT NOT LIMITED TO ANY INCIDENTAL, SPECIAL, INDIRECT, PUNITIVE
     33            OR CONSEQUENTIAL DAMAGES, LOST PROFITS OR LOST DATA, COST OF PROCUREMENT
     34            OF SUBSTITUTE GOODS, TECHNOLOGY, SERVICES, OR ANY CLAIMS BY THIRD PARTIES
     35            (INCLUDING BUT NOT LIMITED TO ANY DEFENSE THEREOF), OR OTHER SIMILAR COSTS.
     36          
     37            Should you have any questions regarding your right to use this Software,
     38            contact Texas Instruments Incorporated at www.TI.com. 
     39          **************************************************************************************************/
     40          
     41          #if defined( MT_TASK ) || defined( APP_DEBUG )
     42          
     43          /*********************************************************************
     44           * INCLUDES
     45           */
     46          #include "ZComDef.h"
     47          #include "OSAL.h"
     48          #include "MTEL.h"
     49          #include "DebugTrace.h"
     50          
     51          #if defined ( APP_DEBUG )
     52            #include "DebugApp.h"
     53          #endif
     54          
     55           /*********************************************************************
     56           * MACROS
     57           */
     58          
     59          /*********************************************************************
     60           * CONSTANTS
     61           */
     62          
     63          
     64          /*********************************************************************
     65           * TYPEDEFS
     66           */
     67          
     68          /*********************************************************************
     69           * GLOBAL VARIABLES
     70           */
     71          
     72          /*********************************************************************
     73           * EXTERNAL VARIABLES
     74           */
     75          
     76          /*********************************************************************
     77           * EXTERNAL FUNCTIONS
     78           */
     79          
     80           /*********************************************************************
     81           * LOCAL VARIABLES
     82           */
     83          
     84          /*********************************************************************
     85           * LOCAL FUNCTIONS
     86           */
     87          
     88          /*********************************************************************
     89           * @fn      debug_msg
     90           *
     91           * @brief
     92           *
     93           *   This feature allows modules to display debug information as
     94           *   applications execute in real-time.  This feature will work similar
     95           *   to "printf()" but will output to the serial port for display in
     96           *   the Z-Test tool.
     97           *
     98           *   This feature will most likely be compiled out in the production code
     99           *   to save code space.
    100           *
    101           * @param   byte compID - Component ID
    102           * @param   byte severity - CRITICAL(0x01), ERROR(0x02), INFORMATION(0x03)
    103           *                          or TRACE(0x04)
    104           * @param   byte numParams - number of parameter fields (param1-3)
    105           * @param   UINT16 param1 - user defined data
    106           * @param   UINT16 param2 - user defined data
    107           * @param   UINT16 param3 - user defined data
    108           *
    109           * @return  void
    110           */
    111          void debug_msg( byte compID, byte severity, byte numParams, UINT16 param1,
    112          																								UINT16 param2, UINT16 param3 )
    113          {
    114          
    115            mtDebugMsg_t *mtDebugMsg;
    116            UINT16 timestamp;
    117          
    118          #if defined ( APP_DEBUG ) && !defined (ZDO_COORDINATOR)
    119            DebugApp_BuildMsg( compID, severity, numParams, param1, param2, param3 );
    120            return;
    121          #endif
    122          
    123            if ( debugThreshold == 0 || debugCompId != compID )
    124              return;
    125          
    126            // Fill in the timestamp
    127            timestamp = 0;
    128          
    129            // Get a message buffer to build the debug message
    130            mtDebugMsg = (mtDebugMsg_t *)osal_msg_allocate( sizeof( mtDebugMsg_t ) );
    131            if ( mtDebugMsg )
    132            {
    133                mtDebugMsg->hdr.event = CMD_DEBUG_MSG;
    134                mtDebugMsg->compID = compID;
    135                mtDebugMsg->severity = severity;
    136                mtDebugMsg->numParams = numParams;
    137          
    138                mtDebugMsg->param1 = param1;
    139                mtDebugMsg->param2 = param2;
    140                mtDebugMsg->param3 = param3;
    141                mtDebugMsg->timestamp = timestamp;
    142                
    143                osal_msg_send( MT_TaskID, (uint8 *)mtDebugMsg );
    144            }
    145          
    146          } /* debug_msg() */
    147          
    148          /*********************************************************************
    149           * @fn      debug_str
    150           *
    151           * @brief
    152           *
    153           *   This feature allows modules to display a debug text string as
    154           *   applications execute in real-time. This feature will output to
    155           *   the serial port for display in the Z-Test tool.
    156           *
    157           *   This feature will most likely be compiled out in the production
    158           *   code in order to save code space.
    159           *
    160           * @param   byte *str_ptr - pointer to null-terminated string
    161           *
    162           * @return  void
    163           */
    164          void debug_str( byte *str_ptr )
    165          {
    166            mtDebugStr_t *msg;
    167            byte mln;
    168            byte sln;
    169          
    170            // Text string length
    171            sln = (byte)osal_strlen( (void*)str_ptr );
    172          
    173            // Debug string message length
    174            mln = sizeof ( mtDebugStr_t ) + sln;
    175          
    176            // Get a message buffer to build the debug message
    177            msg = (mtDebugStr_t *)osal_msg_allocate( mln );
    178            if ( msg )
    179            {
    180              // Message type, length
    181              msg->hdr.event = CMD_DEBUG_STR;
    182              msg->sln = sln;
    183          
    184              // Append message, no terminator
    185              msg->pString = (uint8 *)(msg+1);
    186              osal_memcpy ( msg->pString, str_ptr, sln );
    187          
    188              osal_msg_send( MT_TaskID, (uint8 *)msg );
    189            }
    190          } // debug_str()
    191          
    192          /*********************************************************************
    193          *********************************************************************/
    194          #endif  // MT_TASK


 
 
 0 bytes of memory

Errors: none
Warnings: none
