

HI-TECH Software PIC LITE Macro Assembler V9.80 build 6738 
                                                                                               Mon Jan 19 16:09:04 2015

HI-TECH Software Omniscient Code Generator (Lite mode) build 6738
     1  0000                     opt subtitle "HI-TECH Software Omniscient Code Generator (Lite mode) build 6738"
     2                           
     3                           opt pagewidth 120
     4                           
     5                           	opt lm
     6                           
     7                           	processor	12F1822
     8                           clrc	macro
     9                           	bcf	3,0
    10  0000                     	endm
    11                           clrz	macro
    12                           	bcf	3,2
    13  0000                     	endm
    14                           setc	macro
    15                           	bsf	3,0
    16  0000                     	endm
    17                           setz	macro
    18                           	bsf	3,2
    19  0000                     	endm
    20                           skipc	macro
    21                           	btfss	3,0
    22  0000                     	endm
    23                           skipz	macro
    24                           	btfss	3,2
    25  0000                     	endm
    26                           skipnc	macro
    27                           	btfsc	3,0
    28  0000                     	endm
    29                           skipnz	macro
    30                           	btfsc	3,2
    31  0000                     	endm
    32  0000                     indf	equ	0
    33  0000                     indf0	equ	0
    34  0001                     indf1	equ	1
    35  0002                     pc	equ	2
    36  0002                     pcl	equ	2
    37  0003                     status	equ	3
    38  0004                     fsr0l	equ	4
    39  0005                     fsr0h	equ	5
    40  0006                     fsr1l	equ	6
    41  0007                     fsr1h	equ	7
    42  0008                     bsr	equ	8
    43  0009                     wreg	equ	9
    44  000B                     intcon	equ	11
    45  0001                     c	equ	1
    46  0000                     z	equ	0
    47  000A                     pclath	equ	10
    48                           # 29 "E:\my_workspace\main\Zigbee\PIC12LF1822\12F1822_Timer1Gate.c"
    49                           	psect config,class=CONFIG,delta=2 ;#
    50                           # 29 "E:\my_workspace\main\Zigbee\PIC12LF1822\12F1822_Timer1Gate.c"
    51  8007  C9BC               	dw (0xFFFC & 0xFFFF & 0xFFBF & 0xFFFF & 0xFFFF & 0xF9FF & 0xFFFF & 0xEFFF & 0xDFFF) ;#
    52                           # 30 "E:\my_workspace\main\Zigbee\PIC12LF1822\12F1822_Timer1Gate.c"
    53                           	psect config,class=CONFIG,delta=2 ;#
    54                           # 30 "E:\my_workspace\main\Zigbee\PIC12LF1822\12F1822_Timer1Gate.c"
    55  8008  DAFF               	dw (0xFFFF & 0xFEFF & 0xFFFF & 0xFBFF & 0xDFFF) ;#
    56                           	FNROOT	_main
    57                           	FNCALL	intlevel1,_Timer1_Gate_ISR
    58                           	global	intlevel1
    59                           	FNROOT	intlevel1
    60                           	global	_PulseValue
    61                           	global	_sleepcnt
    62                           	global	_flags
    63                           	global	_TMR1
    64                           psect	intentry,class=CODE,delta=2
    65                           global __pintentry
    66  0004                     __pintentry:
    67  0016                     _TMR1	set	22
    68                           	global	_PIR1bits
    69  0011                     _PIR1bits	set	17
    70                           	global	_T1GCONbits
    71  0019                     _T1GCONbits	set	25
    72                           	global	_ADCON0bits
    73  009D                     _ADCON0bits	set	157
    74                           	global	_OSCCONbits
    75  0099                     _OSCCONbits	set	153
    76                           	global	_TRISAbits
    77  008C                     _TRISAbits	set	140
    78                           	global	_WDTCON
    79  0097                     _WDTCON	set	151
    80                           	global	_DACCON0bits
    81  0118                     _DACCON0bits	set	280
    82                           	global	_LATAbits
    83  010C                     _LATAbits	set	268
    84                           	global	_ANSELA
    85  018C                     _ANSELA	set	396
    86                           	global	_ANSELAbits
    87  018C                     _ANSELAbits	set	396
    88                           	file	"C:\Users\ADMINI~1\AppData\Local\Temp\s2ac."
    89                           	line	#
    90                           psect cinit,class=CODE,delta=2
    91                           global start_initialization
    92  0044                     start_initialization:
    93                           
    94                           psect	bssCOMMON,class=COMMON,space=1
    95                           global __pbssCOMMON
    96  0070                     __pbssCOMMON:
    97  0070                     _PulseValue:
    98  0070                            ds      2
    99                           
   100  0072                     _sleepcnt:
   101  0072                            ds      2
   102                           
   103  0074                     _flags:
   104  0074                            ds      1
   105                           
   106                           ; Clear objects allocated to COMMON
   107                           psect cinit,class=CODE,delta=2
   108                           	global __pbssCOMMON
   109  0044  01F0               	clrf	((__pbssCOMMON)+0)&07Fh
   110  0045  01F1               	clrf	((__pbssCOMMON)+1)&07Fh
   111  0046  01F2               	clrf	((__pbssCOMMON)+2)&07Fh
   112  0047  01F3               	clrf	((__pbssCOMMON)+3)&07Fh
   113  0048  01F4               	clrf	((__pbssCOMMON)+4)&07Fh
   114                           psect cinit,class=CODE,delta=2
   115                           global end_of_initialization
   116                           
   117                           ;End of C runtime variable initialization code
   118                           
   119  0049                     end_of_initialization:
   120  0049  0020               movlb 0
   121  004A  2816               ljmp _main	;jump to C main() function
   122                           psect	cstackCOMMON,class=COMMON,space=1
   123                           global __pcstackCOMMON
   124  0000                     __pcstackCOMMON:
   125                           	global	?_Timer1_Gate_ISR
   126  0000                     ?_Timer1_Gate_ISR:	; 0 bytes @ 0x0
   127                           	global	??_Timer1_Gate_ISR
   128  0000                     ??_Timer1_Gate_ISR:	; 0 bytes @ 0x0
   129                           	global	?_main
   130  0000                     ?_main:	; 0 bytes @ 0x0
   131                           	global	??_main
   132  0000                     ??_main:	; 0 bytes @ 0x0
   133 ;;Data sizes: Strings 0, constant 0, data 0, bss 5, persistent 0 stack 0
   134 ;;Auto spaces:   Size  Autos    Used
   135 ;; COMMON          14      0       5
   136 ;; BANK0           80      0       0
   137 ;; BANK1           32      0       0
   138                           
   139 ;;
   140 ;; Pointer list with targets:
   141                           
   142                           
   143                           
   144 ;;
   145 ;; Critical Paths under _main in COMMON
   146 ;;
   147 ;;   None.
   148 ;;
   149 ;; Critical Paths under _Timer1_Gate_ISR in COMMON
   150 ;;
   151 ;;   None.
   152 ;;
   153 ;; Critical Paths under _main in BANK0
   154 ;;
   155 ;;   None.
   156 ;;
   157 ;; Critical Paths under _Timer1_Gate_ISR in BANK0
   158 ;;
   159 ;;   None.
   160 ;;
   161 ;; Critical Paths under _main in BANK1
   162 ;;
   163 ;;   None.
   164 ;;
   165 ;; Critical Paths under _Timer1_Gate_ISR in BANK1
   166 ;;
   167 ;;   None.
   168                           
   169 ;;
   170 ;;Main: autosize = 0, tempsize = 0, incstack = 0, save=0
   171 ;;
   172                           
   173 ;;
   174 ;;Call Graph Tables:
   175 ;;
   176 ;; ---------------------------------------------------------------------------------
   177 ;; (Depth) Function   	        Calls       Base Space   Used Autos Params    Refs
   178 ;; ---------------------------------------------------------------------------------
   179 ;; (0) _main                                                 2     2      0       0
   180 ;; ---------------------------------------------------------------------------------
   181 ;; Estimated maximum stack depth 0
   182 ;; ---------------------------------------------------------------------------------
   183 ;; (Depth) Function   	        Calls       Base Space   Used Autos Params    Refs
   184 ;; ---------------------------------------------------------------------------------
   185 ;; (1) _Timer1_Gate_ISR                                      0     0      0       0
   186 ;; ---------------------------------------------------------------------------------
   187 ;; Estimated maximum stack depth 1
   188 ;; ---------------------------------------------------------------------------------
   189                           
   190 ;; Call Graph Graphs:
   191                           
   192 ;; _main (ROOT)
   193 ;;
   194 ;; _Timer1_Gate_ISR (ROOT)
   195 ;;
   196                           
   197 ;; Address spaces:
   198                           
   199 ;;Name               Size   Autos  Total    Cost      Usage
   200 ;;BIGRAM              70      0       0       0        0.0%
   201 ;;EEDATA             100      0       0       0        0.0%
   202 ;;NULL                 0      0       0       0        0.0%
   203 ;;CODE                 0      0       0       0        0.0%
   204 ;;BITCOMMON            E      0       0       1        0.0%
   205 ;;BITSFR0              0      0       0       1        0.0%
   206 ;;SFR0                 0      0       0       1        0.0%
   207 ;;COMMON               E      0       5       2       35.7%
   208 ;;BITSFR1              0      0       0       2        0.0%
   209 ;;SFR1                 0      0       0       2        0.0%
   210 ;;BITSFR2              0      0       0       3        0.0%
   211 ;;SFR2                 0      0       0       3        0.0%
   212 ;;STACK                0      0       0       3        0.0%
   213 ;;BITSFR3              0      0       0       4        0.0%
   214 ;;SFR3                 0      0       0       4        0.0%
   215 ;;ABS                  0      0       5       4        0.0%
   216 ;;BITBANK0            50      0       0       5        0.0%
   217 ;;BITSFR4              0      0       0       5        0.0%
   218 ;;SFR4                 0      0       0       5        0.0%
   219 ;;BANK0               50      0       0       6        0.0%
   220 ;;BITSFR5              0      0       0       6        0.0%
   221 ;;SFR5                 0      0       0       6        0.0%
   222 ;;BITBANK1            20      0       0       7        0.0%
   223 ;;BITSFR6              0      0       0       7        0.0%
   224 ;;SFR6                 0      0       0       7        0.0%
   225 ;;BANK1               20      0       0       8        0.0%
   226 ;;BITSFR7              0      0       0       8        0.0%
   227 ;;SFR7                 0      0       0       8        0.0%
   228 ;;BITSFR8              0      0       0       9        0.0%
   229 ;;SFR8                 0      0       0       9        0.0%
   230 ;;DATA                 0      0       5       9        0.0%
   231 ;;BITSFR9              0      0       0      10        0.0%
   232 ;;SFR9                 0      0       0      10        0.0%
   233 ;;BITSFR10             0      0       0      11        0.0%
   234 ;;SFR10                0      0       0      11        0.0%
   235 ;;BITSFR11             0      0       0      12        0.0%
   236 ;;SFR11                0      0       0      12        0.0%
   237 ;;BITSFR12             0      0       0      13        0.0%
   238 ;;SFR12                0      0       0      13        0.0%
   239 ;;BITSFR13             0      0       0      14        0.0%
   240 ;;SFR13                0      0       0      14        0.0%
   241 ;;BITSFR14             0      0       0      15        0.0%
   242 ;;SFR14                0      0       0      15        0.0%
   243 ;;BITSFR15             0      0       0      16        0.0%
   244 ;;SFR15                0      0       0      16        0.0%
   245 ;;BITSFR16             0      0       0      17        0.0%
   246 ;;SFR16                0      0       0      17        0.0%
   247 ;;BITSFR17             0      0       0      18        0.0%
   248 ;;SFR17                0      0       0      18        0.0%
   249 ;;BITSFR18             0      0       0      19        0.0%
   250 ;;SFR18                0      0       0      19        0.0%
   251 ;;BITSFR19             0      0       0      20        0.0%
   252 ;;SFR19                0      0       0      20        0.0%
   253 ;;BITSFR20             0      0       0      21        0.0%
   254 ;;SFR20                0      0       0      21        0.0%
   255 ;;BITSFR21             0      0       0      22        0.0%
   256 ;;SFR21                0      0       0      22        0.0%
   257 ;;BITSFR22             0      0       0      23        0.0%
   258 ;;SFR22                0      0       0      23        0.0%
   259 ;;BITSFR23             0      0       0      24        0.0%
   260 ;;SFR23                0      0       0      24        0.0%
   261 ;;BITSFR24             0      0       0      25        0.0%
   262 ;;SFR24                0      0       0      25        0.0%
   263 ;;BITSFR25             0      0       0      26        0.0%
   264 ;;SFR25                0      0       0      26        0.0%
   265 ;;BITSFR26             0      0       0      27        0.0%
   266 ;;SFR26                0      0       0      27        0.0%
   267 ;;BITSFR27             0      0       0      28        0.0%
   268 ;;SFR27                0      0       0      28        0.0%
   269 ;;BITSFR28             0      0       0      29        0.0%
   270 ;;SFR28                0      0       0      29        0.0%
   271 ;;BITSFR29             0      0       0      30        0.0%
   272 ;;SFR29                0      0       0      30        0.0%
   273 ;;BITSFR30             0      0       0      31        0.0%
   274 ;;SFR30                0      0       0      31        0.0%
   275 ;;BITSFR31             0      0       0      32        0.0%
   276 ;;SFR31                0      0       0      32        0.0%
   277                           
   278                           	global	_main
   279                           psect	maintext,global,class=CODE,delta=2
   280                           global __pmaintext
   281  0016                     __pmaintext:
   282                           
   283 ;; *************** function _main *****************
   284 ;; Defined at:
   285 ;;		line 60 in file "E:\my_workspace\main\Zigbee\PIC12LF1822\12F1822_Timer1Gate.c"
   286 ;; Parameters:    Size  Location     Type
   287 ;;		None
   288 ;; Auto vars:     Size  Location     Type
   289 ;;  Timer1Count     2    0        unsigned int 
   290 ;; Return value:  Size  Location     Type
   291 ;;		None               void
   292 ;; Registers used:
   293 ;;		wreg, status,2, status,0
   294 ;; Tracked objects:
   295 ;;		On entry : 17F/0
   296 ;;		On exit  : 0/0
   297 ;;		Unchanged: 0/0
   298 ;; Data sizes:     COMMON   BANK0   BANK1
   299 ;;      Params:         0       0       0
   300 ;;      Locals:         0       0       0
   301 ;;      Temps:          0       0       0
   302 ;;      Totals:         0       0       0
   303 ;;Total ram usage:        0 bytes
   304 ;; Hardware stack levels required when called:    1
   305 ;; This function calls:
   306 ;;		Nothing
   307 ;; This function is called by:
   308 ;;		Startup code after reset
   309 ;; This function uses a non-reentrant model
   310 ;;
   311                           psect	maintext
   312                           	file	"E:\my_workspace\main\Zigbee\PIC12LF1822\12F1822_Timer1Gate.c"
   313                           	line	60
   314                           	global	__size_of_main
   315  002E                     	__size_of_main	equ	__end_of_main-_main
   316                           	
   317  0016                     _main:	
   318                           	opt	stack 15
   319                           ; Regs used in _main: [wreg+status,2+status,0]
   320                           	line	64
   321                           	
   322  0016                     l1532:	
   323                           ;12F1822_Timer1Gate.c: 61: unsigned int Timer1Count;
   324                           ;12F1822_Timer1Gate.c: 64: OSCCONbits.SPLLEN=0;
   325  0016  0021               	movlb 1	; select bank1
   326  0017  1399               	bcf	(153)^080h,7	;volatile
   327                           	line	65
   328                           	
   329  0018                     l1534:	
   330                           ;12F1822_Timer1Gate.c: 65: OSCCONbits.IRCF=0x0F;
   331  0018  3078               	movlw	(0Fh & ((1<<4)-1))<<3
   332  0019  0499               	iorwf	(153)^080h,f	;volatile
   333                           	line	66
   334                           ;12F1822_Timer1Gate.c: 66: OSCCONbits.SCS=0x02;
   335  001A  0819               	movf	(153)^080h,w	;volatile
   336  001B  39FC               	andlw	not (((1<<2)-1)<<0)
   337  001C  3802               	iorlw	(02h & ((1<<2)-1))<<0
   338  001D  0099               	movwf	(153)^080h	;volatile
   339                           	line	70
   340                           ;12F1822_Timer1Gate.c: 70: ANSELAbits.ANSELA=0;
   341  001E  30E0               	movlw	((0 & ((1<<5)-1))<<0)|not (((1<<5)-1)<<0)
   342  001F  0023               	movlb 3	; select bank3
   343  0020  058C               	andwf	(396)^0180h,f	;volatile
   344                           	line	71
   345                           	
   346  0021                     l1536:	
   347                           ;12F1822_Timer1Gate.c: 71: ADCON0bits.ADON=0;
   348  0021  0021               	movlb 1	; select bank1
   349  0022  101D               	bcf	(157)^080h,0	;volatile
   350                           	line	72
   351                           	
   352  0023                     l1538:	
   353                           ;12F1822_Timer1Gate.c: 72: DACCON0bits.DACEN=0;
   354  0023  0022               	movlb 2	; select bank2
   355  0024  1398               	bcf	(280)^0100h,7	;volatile
   356                           	line	79
   357                           	
   358  0025                     l1540:	
   359                           ;12F1822_Timer1Gate.c: 79: TRISAbits.TRISA4 = 0;
   360  0025  0021               	movlb 1	; select bank1
   361  0026  120C               	bcf	(140)^080h,4	;volatile
   362                           	line	83
   363                           	
   364  0027                     l1542:	
   365                           ;12F1822_Timer1Gate.c: 83: ANSELA=0x1F;
   366  0027  301F               	movlw	(01Fh)
   367  0028  0023               	movlb 3	; select bank3
   368  0029  008C               	movwf	(396)^0180h	;volatile
   369                           	line	84
   370                           	
   371  002A                     l1544:	
   372                           ;12F1822_Timer1Gate.c: 84: LATAbits.LATA4 = 1;
   373  002A  0022               	movlb 2	; select bank2
   374  002B  160C               	bsf	(268)^0100h,4	;volatile
   375  002C  282D               	goto	l1546
   376                           	line	88
   377                           ;12F1822_Timer1Gate.c: 88: while(1)
   378                           	
   379  002D                     l1148:	
   380                           	line	90
   381                           	
   382  002D                     l1546:	
   383                           ;12F1822_Timer1Gate.c: 89: {
   384                           ;12F1822_Timer1Gate.c: 90: if(sleepcnt%2)
   385  002D  1C72               	btfss	(_sleepcnt),(0)&7
   386  002E  2830               	goto	u11
   387  002F  2831               	goto	u10
   388  0030                     u11:
   389  0030  2837               	goto	l1149
   390  0031                     u10:
   391                           	line	92
   392                           	
   393  0031                     l1548:	
   394                           ;12F1822_Timer1Gate.c: 91: {
   395                           ;12F1822_Timer1Gate.c: 92: LATAbits.LATA4 = 1;
   396  0031  0022               	movlb 2	; select bank2
   397  0032  160C               	bsf	(268)^0100h,4	;volatile
   398                           	line	93
   399                           	
   400  0033                     l1550:	
   401                           ;12F1822_Timer1Gate.c: 93: WDTCON=0x0e;
   402  0033  300E               	movlw	(0Eh)
   403  0034  0021               	movlb 1	; select bank1
   404  0035  0097               	movwf	(151)^080h	;volatile
   405                           	line	94
   406                           ;12F1822_Timer1Gate.c: 94: }
   407  0036  283C               	goto	l1150
   408                           	line	95
   409                           	
   410  0037                     l1149:	
   411                           	line	97
   412                           ;12F1822_Timer1Gate.c: 95: else
   413                           ;12F1822_Timer1Gate.c: 96: {
   414                           ;12F1822_Timer1Gate.c: 97: LATAbits.LATA4 = 0;
   415  0037  0022               	movlb 2	; select bank2
   416  0038  120C               	bcf	(268)^0100h,4	;volatile
   417                           	line	98
   418                           	
   419  0039                     l1552:	
   420                           ;12F1822_Timer1Gate.c: 98: WDTCON=0x13;
   421  0039  3013               	movlw	(013h)
   422  003A  0021               	movlb 1	; select bank1
   423  003B  0097               	movwf	(151)^080h	;volatile
   424                           	line	99
   425                           	
   426  003C                     l1150:	
   427                           	line	100
   428                           ;12F1822_Timer1Gate.c: 99: }
   429                           ;12F1822_Timer1Gate.c: 100: sleepcnt++;
   430  003C  3001               	movlw	low(01h)
   431  003D  07F2               	addwf	(_sleepcnt),f
   432  003E  3000               	movlw	high(01h)
   433  003F  3DF3               	addwfc	(_sleepcnt+1),f
   434                           	line	101
   435                           	
   436  0040                     l1554:	
   437                           # 101 "E:\my_workspace\main\Zigbee\PIC12LF1822\12F1822_Timer1Gate.c"
   438  0040  0063               sleep ;#
   439                           psect	maintext
   440  0041  282D               	goto	l1546
   441                           	line	103
   442                           	
   443  0042                     l1151:	
   444                           	line	88
   445  0042  282D               	goto	l1546
   446                           	
   447  0043                     l1152:	
   448                           	line	104
   449                           	
   450  0043                     l1153:	
   451                           	global	start
   452  0043  2814               	ljmp	start
   453                           	opt stack 0
   454                           GLOBAL	__end_of_main
   455  0044                     	__end_of_main:
   456 ;; =============== function _main ends ============
   457                           
   458                           	signat	_main,88
   459                           	global	_Timer1_Gate_ISR
   460                           psect	intentry
   461                           
   462 ;; *************** function _Timer1_Gate_ISR *****************
   463 ;; Defined at:
   464 ;;		line 50 in file "E:\my_workspace\main\Zigbee\PIC12LF1822\12F1822_Timer1Gate.c"
   465 ;; Parameters:    Size  Location     Type
   466 ;;		None
   467 ;; Auto vars:     Size  Location     Type
   468 ;;		None
   469 ;; Return value:  Size  Location     Type
   470 ;;		None               void
   471 ;; Registers used:
   472 ;;		wreg, status,2, status,0
   473 ;; Tracked objects:
   474 ;;		On entry : 0/0
   475 ;;		On exit  : 0/0
   476 ;;		Unchanged: 0/0
   477 ;; Data sizes:     COMMON   BANK0   BANK1
   478 ;;      Params:         0       0       0
   479 ;;      Locals:         0       0       0
   480 ;;      Temps:          0       0       0
   481 ;;      Totals:         0       0       0
   482 ;;Total ram usage:        0 bytes
   483 ;; Hardware stack levels used:    1
   484 ;; This function calls:
   485 ;;		Nothing
   486 ;; This function is called by:
   487 ;;		Interrupt level 1
   488 ;; This function uses a non-reentrant model
   489 ;;
   490                           psect	intentry
   491                           	file	"E:\my_workspace\main\Zigbee\PIC12LF1822\12F1822_Timer1Gate.c"
   492                           	line	50
   493                           	global	__size_of_Timer1_Gate_ISR
   494  0010                     	__size_of_Timer1_Gate_ISR	equ	__end_of_Timer1_Gate_ISR-_Timer1_Gate_ISR
   495                           	
   496  0004                     _Timer1_Gate_ISR:	
   497                           	opt	stack 15
   498                           ; Regs used in _Timer1_Gate_ISR: [wreg+status,2+status,0]
   499                           psect	intentry
   500  0004  3180               	pagesel	$
   501                           	line	51
   502                           	
   503  0005                     i1l1522:	
   504                           ;12F1822_Timer1Gate.c: 51: PulseValue = TMR1;
   505  0005  0020               	movlb 0	; select bank0
   506  0006  0817               	movf	(22+1),w	;volatile
   507  0007  01F1               	clrf	(_PulseValue+1)	;volatile
   508  0008  07F1               	addwf	(_PulseValue+1)	;volatile
   509  0009  0816               	movf	(22),w	;volatile
   510  000A  01F0               	clrf	(_PulseValue)	;volatile
   511  000B  07F0               	addwf	(_PulseValue)	;volatile
   512                           
   513                           	line	52
   514                           	
   515  000C                     i1l1524:	
   516                           ;12F1822_Timer1Gate.c: 52: flags.PulseFound=1;
   517  000C  1474               	bsf	(_flags),0
   518                           	line	53
   519                           	
   520  000D                     i1l1526:	
   521                           ;12F1822_Timer1Gate.c: 53: TMR1=0;
   522  000D  3000               	movlw	low(0)
   523  000E  0096               	movwf	(22)	;volatile
   524  000F  3000               	movlw	high(0)
   525  0010  0097               	movwf	((22))+1	;volatile
   526                           	line	54
   527                           	
   528  0011                     i1l1528:	
   529                           ;12F1822_Timer1Gate.c: 54: PIR1bits.TMR1GIF=0;
   530  0011  1391               	bcf	(17),7	;volatile
   531                           	line	55
   532                           	
   533  0012                     i1l1530:	
   534                           ;12F1822_Timer1Gate.c: 55: T1GCONbits.T1GGO=1;
   535  0012  1599               	bsf	(25),3	;volatile
   536                           	line	56
   537                           	
   538  0013                     i1l1145:	
   539  0013  0009               	retfie
   540                           	opt stack 0
   541                           GLOBAL	__end_of_Timer1_Gate_ISR
   542  0014                     	__end_of_Timer1_Gate_ISR:
   543 ;; =============== function _Timer1_Gate_ISR ends ============
   544                           
   545                           	signat	_Timer1_Gate_ISR,88
   546                           psect	intentry
   547                           	global	btemp
   548  007E                     	btemp set 07Eh
   549                           
   550                           	DABS	1,126,2	;btemp
   551                           	global	wtemp0
   552  007E                     	wtemp0 set btemp


HI-TECH Software PICC Macro Assembler V9.80 build 6738 
Symbol Table                                                                                   Mon Jan 19 16:09:04 2015

                      u10 0031                        u11 0030                      l1150 003C  
                    l1151 0042                      l1152 0043                      l1153 0043  
                    l1148 002D                      l1149 0037                      l1540 0025  
                    l1532 0016                      l1550 0033                      l1542 0027  
                    l1534 0018                      l1552 0039                      l1544 002A  
                    l1536 0021                      l1554 0040                      l1546 002D  
                    l1538 0023                      l1548 0031                      _TMR1 0016  
                    _main 0016                      btemp 007E                      start 0014  
                   ?_main 0000         ??_Timer1_Gate_ISR 0000                     _flags 0074  
                   wtemp0 007E              __end_of_main 0044                    ??_main 0000  
                  _ANSELA 018C                    i1l1145 0013                    i1l1530 0012  
                  i1l1522 0005                    i1l1524 000C                    i1l1526 000D  
                  i1l1528 0011                    _WDTCON 0097                _PulseValue 0070  
          __pcstackCOMMON 0000                __pmaintext 0016           _Timer1_Gate_ISR 0004  
              __pintentry 0004      end_of_initialization 0049   __end_of_Timer1_Gate_ISR 0014  
               _TRISAbits 008C               _DACCON0bits 0118       start_initialization 0044  
        ?_Timer1_Gate_ISR 0000               __pbssCOMMON 0070                  _LATAbits 010C  
                _PIR1bits 0011                _ADCON0bits 009D                _ANSELAbits 018C  
              _T1GCONbits 0019             __size_of_main 002E                  _sleepcnt 0072  
                intlevel1 0000                _OSCCONbits 0099  __size_of_Timer1_Gate_ISR 0010  
