###############################################################################
#                                                                             #
# IAR C/C++ Compiler V7.60.1.40026 for 8051             23/Oct/2018  17:27:26 #
# Copyright (C) 2004-2010 IAR Systems AB.                                     #
#                                                                             #
#    Core               =  plain                                              #
#    Code model         =  banked                                             #
#    Data model         =  large                                              #
#    Calling convention =  xdata reentrant                                    #
#    Constant location  =  data_rom                                           #
#    Dptr setup         =  1,16                                               #
#    Source file        =  E:\p4\main\Zigbee\cc2530\mine_project_voice\driver #
#                          \MobilePhone\hal_dma.c                             #
#    Command line       =  E:\p4\main\Zigbee\cc2530\mine_project_voice\driver #
#                          \MobilePhone\hal_dma.c -D xSMS_TEMPLATE -D         #
#                          MENU_CLOCKFORMAT -D CELLSWITCH_DEBUG -D            #
#                          MP_INFORMATION -D HOLD_AUTO_START -D SMS_SENDBOX   #
#                          -D NEW_MENU_LIB -D WATCHDOG=TRUE -D                #
#                          NEW_DOUBLE_NVID_OP -D AUDIO_SERIAL -D              #
#                          NWK_AUTO_POLL -D OSC32K_CRYSTAL_INSTALLED=FALSE    #
#                          -D xAUDIO_TEST -D xSINGLE_AUDIO_TEST -D            #
#                          xMULTIAUDIO_TEST -D xREFLECTOR -D xLCD_SUPPORTED   #
#                          -D HAL_LCD=FALSE -D HAL_AUDIO=TRUE -D              #
#                          HAL_SPI=FALSE -D HAL_UART=FALSE -D HAL_LED=FALSE   #
#                          -D HAL_AES=FALSE -D HAL_KEY=TRUE -D                #
#                          IDX_THRESHOLD=12 -D xMACNODEBUG -D                 #
#                          xMAC_NO_PARAM_CHECK -D HAL_AUDIO=TRUE -D           #
#                          HAL_DMA=TRUE -D HAL_AES=FALSE -D                   #
#                          MAC_CFG_TX_DATA_MAX=8 -D MAC_CFG_TX_MAX=12 -D      #
#                          MAC_CFG_RX_MAX=8 -lcN E:\p4\main\Zigbee\cc2530\min #
#                          e_project_voice\app\MobilePhone\iar\Release\List\  #
#                          -lb E:\p4\main\Zigbee\cc2530\mine_project_voice\ap #
#                          p\MobilePhone\iar\Release\List\ -o                 #
#                          E:\p4\main\Zigbee\cc2530\mine_project_voice\app\Mo #
#                          bilePhone\iar\Release\Obj\ -e                      #
#                          --require_prototypes --no_unroll --no_inline       #
#                          --no_code_motion --debug --core=plain --dptr=16,1  #
#                          --data_model=large --code_model=banked             #
#                          --calling_convention=xdata_reentrant               #
#                          --place_constants=data_rom --nr_virtual_regs 16    #
#                          -I E:\p4\main\Zigbee\cc2530\mine_project_voice\app #
#                          \MobilePhone\iar\..\src\ -I                        #
#                          E:\p4\main\Zigbee\cc2530\mine_project_voice\app\Mo #
#                          bilePhone\iar\..\src\MenuLib\ -I                   #
#                          E:\p4\main\Zigbee\cc2530\mine_project_voice\app\Mo #
#                          bilePhone\iar\..\src\MenuLib\util\ -I              #
#                          E:\p4\main\Zigbee\cc2530\mine_project_voice\app\Mo #
#                          bilePhone\iar\..\..\..\third_party\TIMAC-CC2530-1. #
#                          3.1\COMPONENTS\MAC\INCLUDE\ -I                     #
#                          E:\p4\main\Zigbee\cc2530\mine_project_voice\app\Mo #
#                          bilePhone\iar\..\..\..\third_party\TIMAC-CC2530-1. #
#                          3.1\COMPONENTS\MAC\HIGH_LEVEL\ -I                  #
#                          E:\p4\main\Zigbee\cc2530\mine_project_voice\app\Mo #
#                          bilePhone\iar\..\..\..\third_party\TIMAC-CC2530-1. #
#                          3.1\COMPONENTS\MAC\LOW_LEVEL\ -I                   #
#                          E:\p4\main\Zigbee\cc2530\mine_project_voice\app\Mo #
#                          bilePhone\iar\..\..\..\third_party\TIMAC-CC2530-1. #
#                          3.1\COMPONENTS\MAC\LOW_LEVEL\SRF04\ -I             #
#                          E:\p4\main\Zigbee\cc2530\mine_project_voice\app\Mo #
#                          bilePhone\iar\..\..\..\third_party\TIMAC-CC2530-1. #
#                          3.1\COMPONENTS\MAC\LOW_LEVEL\SRF04\SINGLE_CHIP\    #
#                          -I E:\p4\main\Zigbee\cc2530\mine_project_voice\app #
#                          \MobilePhone\iar\..\..\..\third_party\TIMAC-CC2530 #
#                          -1.3.1\COMPONENTS\OSAL\INCLUDE\ -I                 #
#                          E:\p4\main\Zigbee\cc2530\mine_project_voice\app\Mo #
#                          bilePhone\iar\..\..\..\third_party\TIMAC-CC2530-1. #
#                          3.1\COMPONENTS\OSAL\MCU\CC2530\ -I                 #
#                          E:\p4\main\Zigbee\cc2530\mine_project_voice\app\Mo #
#                          bilePhone\iar\..\..\..\third_party\TIMAC-CC2530-1. #
#                          3.1\COMPONENTS\SERVICES\SADDR\ -I                  #
#                          E:\p4\main\Zigbee\cc2530\mine_project_voice\app\Mo #
#                          bilePhone\iar\..\..\..\third_party\TIMAC-CC2530-1. #
#                          3.1\COMPONENTS\SERVICES\SDATA\ -I                  #
#                          E:\p4\main\Zigbee\cc2530\mine_project_voice\app\Mo #
#                          bilePhone\iar\..\..\..\third_party\TIMAC-CC2530-1. #
#                          3.1\COMPONENTS\MT\ -I E:\p4\main\Zigbee\cc2530\min #
#                          e_project_voice\app\MobilePhone\iar\..\..\..\..\.. #
#                          \..\common\ -I E:\p4\main\Zigbee\cc2530\mine_proje #
#                          ct_voice\app\MobilePhone\iar\..\..\..\..\..\common #
#                          \lcd\ -I E:\p4\main\Zigbee\cc2530\mine_project_voi #
#                          ce\app\MobilePhone\iar\..\..\..\..\..\..\common\2g #
#                          \ -I E:\p4\main\Zigbee\cc2530\mine_project_voice\a #
#                          pp\MobilePhone\iar\..\..\..\..\..\..\ -I           #
#                          E:\p4\main\Zigbee\cc2530\mine_project_voice\app\Mo #
#                          bilePhone\iar\..\..\..\driver\ -I                  #
#                          E:\p4\main\Zigbee\cc2530\mine_project_voice\app\Mo #
#                          bilePhone\iar\..\..\..\util\ -I                    #
#                          E:\p4\main\Zigbee\cc2530\mine_project_voice\app\Mo #
#                          bilePhone\iar\..\..\..\driver\include\ -I          #
#                          E:\p4\main\Zigbee\cc2530\mine_project_voice\app\Mo #
#                          bilePhone\iar\..\..\..\driver\common\ -I           #
#                          E:\p4\main\Zigbee\cc2530\mine_project_voice\app\Mo #
#                          bilePhone\iar\..\..\..\driver\MobilePhone\ -I      #
#                          E:\p4\main\Zigbee\cc2530\mine_project_voice\app\Mo #
#                          bilePhone\iar\..\..\..\driver\MobilePhone\audio\   #
#                          -I E:\p4\main\Zigbee\cc2530\mine_project_voice\app #
#                          \MobilePhone\iar\..\..\..\driver\MobilePhone\commo #
#                          n\ -I E:\p4\main\Zigbee\cc2530\mine_project_voice\ #
#                          app\MobilePhone\iar\..\..\..\driver\MobilePhone\ke #
#                          y\ -I E:\p4\main\Zigbee\cc2530\mine_project_voice\ #
#                          app\MobilePhone\iar\..\..\..\driver\MobilePhone\lc #
#                          d\ -I E:\p4\main\Zigbee\cc2530\mine_project_voice\ #
#                          app\MobilePhone\iar\..\..\..\driver\MobilePhone\io #
#                          expand\ -I "C:\Program Files\IAR Systems\Embedded  #
#                          Workbench 5.4\8051\INC\" -I "C:\Program Files\IAR  #
#                          Systems\Embedded Workbench 5.4\8051\INC\CLIB\"     #
#                          -Ohs                                               #
#    List file          =  E:\p4\main\Zigbee\cc2530\mine_project_voice\app\Mo #
#                          bilePhone\iar\Release\List\hal_dma.lst             #
#    Object file        =  E:\p4\main\Zigbee\cc2530\mine_project_voice\app\Mo #
#                          bilePhone\iar\Release\Obj\hal_dma.r51              #
#                                                                             #
#                                                                             #
###############################################################################

E:\p4\main\Zigbee\cc2530\mine_project_voice\driver\MobilePhone\hal_dma.c
      1          /**************************************************************************************************
      2            Filename:       hal_dma.c
      3            Revised:        $Date: 2011/03/30 18:20:14 $
      4            Revision:       $Revision: 1.3 $
      5          
      6            Description:    This file contains the interface to the DMA.
      7          
      8          
      9            Copyright 2007-2009 Texas Instruments Incorporated. All rights reserved.
     10          
     11            IMPORTANT: Your use of this Software is limited to those specific rights
     12            granted under the terms of a software license agreement between the user
     13            who downloaded the software, his/her employer (which must be your employer)
     14            and Texas Instruments Incorporated (the "License").  You may not use this
     15            Software unless you agree to abide by the terms of the License. The License
     16            limits your use, and you acknowledge, that the Software may not be modified,
     17            copied or distributed unless embedded on a Texas Instruments microcontroller
     18            or used solely and exclusively in conjunction with a Texas Instruments radio
     19            frequency transceiver, which is integrated into your product.  Other than for
     20            the foregoing purpose, you may not use, reproduce, copy, prepare derivative
     21            works of, modify, distribute, perform, display or sell this Software and/or
     22            its documentation for any purpose.
     23          
     24            YOU FURTHER ACKNOWLEDGE AND AGREE THAT THE SOFTWARE AND DOCUMENTATION ARE
     25            PROVIDED “AS IS” WITHOUT WARRANTY OF ANY KIND, EITHER EXPRESS OR IMPLIED, 
     26            INCLUDING WITHOUT LIMITATION, ANY WARRANTY OF MERCHANTABILITY, TITLE, 
     27            NON-INFRINGEMENT AND FITNESS FOR A PARTICULAR PURPOSE. IN NO EVENT SHALL
     28            TEXAS INSTRUMENTS OR ITS LICENSORS BE LIABLE OR OBLIGATED UNDER CONTRACT,
     29            NEGLIGENCE, STRICT LIABILITY, CONTRIBUTION, BREACH OF WARRANTY, OR OTHER
     30            LEGAL EQUITABLE THEORY ANY DIRECT OR INDIRECT DAMAGES OR EXPENSES
     31            INCLUDING BUT NOT LIMITED TO ANY INCIDENTAL, SPECIAL, INDIRECT, PUNITIVE
     32            OR CONSEQUENTIAL DAMAGES, LOST PROFITS OR LOST DATA, COST OF PROCUREMENT
     33            OF SUBSTITUTE GOODS, TECHNOLOGY, SERVICES, OR ANY CLAIMS BY THIRD PARTIES
     34            (INCLUDING BUT NOT LIMITED TO ANY DEFENSE THEREOF), OR OTHER SIMILAR COSTS.
     35          
     36            Should you have any questions regarding your right to use this Software,
     37            contact Texas Instruments Incorporated at www.TI.com. 
     38          **************************************************************************************************/
     39          
     40          /*********************************************************************
     41           * INCLUDES
     42           */
     43          
     44          #include "hal_types.h"
     45          #include "hal_defs.h"
     46          #include "hal_dma.h"
     47          #include "hal_mcu.h"
     48          #include "hal_uart.h"
     49          
     50          #if (defined HAL_IRGEN) && (HAL_IRGEN == TRUE)
     51          #include "hal_irgen.h"
     52          #endif
     53          
     54          #if (defined HAL_SPI) && (HAL_SPI == TRUE)
     55          #include "hal_spi.h"
     56          #endif
     57          
     58          
     59          #if ((defined HAL_DMA) && (HAL_DMA == TRUE))
     60          
     61          /*********************************************************************
     62           * MACROS
     63           */
     64          
     65          /*********************************************************************
     66           * CONSTANTS
     67           */
     68          
     69          /*********************************************************************
     70           * TYPEDEFS
     71           */
     72          
     73          /*********************************************************************
     74           * GLOBAL VARIABLES
     75           */
     76          
     77          halDMADesc_t dmaCh0;
     78          halDMADesc_t dmaCh1234[4];
     79          
     80          /*********************************************************************
     81           * GLOBAL FUNCTIONS
     82           */
     83          
     84          /*********************************************************************
     85           * LOCAL VARIABLES
     86           */
     87          
     88          /*********************************************************************
     89           * LOCAL FUNCTIONS
     90           */
     91          
     92          /******************************************************************************
     93           * @fn      HalDMAInit
     94           *
     95           * @brief   DMA Interrupt Service Routine
     96           *
     97           * @param   None
     98           *
     99           * @return  None
    100           *****************************************************************************/
    101          void HalDmaInit( void )
    102          {
    103            HAL_DMA_SET_ADDR_DESC0( &dmaCh0 );
    104            HAL_DMA_SET_ADDR_DESC1234( dmaCh1234 );
    105          #if (HAL_UART_DMA || \
    106             ((defined HAL_SPI) && (HAL_SPI == TRUE))  || \
    107             ((defined HAL_IRGEN) && (HAL_IRGEN == TRUE)))
    108            DMAIE = 1;
    109          #endif
    110          }
    111          
    112          #if (HAL_UART_DMA || \
    113             ((defined HAL_SPI) && (HAL_SPI == TRUE))  || \
    114             ((defined HAL_IRGEN) && (HAL_IRGEN == TRUE)))
    115          /******************************************************************************
    116           * @fn      HalDMAInit
    117           *
    118           * @brief   DMA Interrupt Service Routine
    119           *
    120           * @param   None
    121           *
    122           * @return  None
    123           *****************************************************************************/
    124          HAL_ISR_FUNCTION( halDmaIsr, DMA_VECTOR )
    125          {
    126            extern void HalUARTIsrDMA(void);
    127          
    128            DMAIF = 0;
    129          
    130          #if HAL_UART_DMA
    131            if (HAL_DMA_CHECK_IRQ(HAL_DMA_CH_TX))
    132            {
    133              HalUARTIsrDMA();
    134            }
    135          #endif // HAL_UART_DMA
    136          
    137          #if (defined HAL_SPI) && (HAL_SPI == TRUE)
    138            if ( HAL_DMA_CHECK_IRQ( HAL_DMA_CH_RX ) )
    139            {
    140              HAL_DMA_CLEAR_IRQ( HAL_DMA_CH_RX );
    141              HalSpiRxIsr();
    142            }
    143          
    144            if ( HAL_DMA_CHECK_IRQ( HAL_DMA_CH_TX ) )
    145            {
    146              HAL_DMA_CLEAR_IRQ( HAL_DMA_CH_TX );
    147              HalSpiTxIsr();
    148            }
    149          #endif // (defined HAL_SPI) && (HAL_SPI == TRUE)
    150          
    151          #if (defined HAL_IRGEN) && (HAL_IRGEN == TRUE)
    152            if ( HAL_IRGEN == TRUE && HAL_DMA_CHECK_IRQ( HAL_IRGEN_DMA_CH ) )
    153            {
    154              HAL_DMA_CLEAR_IRQ( HAL_IRGEN_DMA_CH );
    155              HalIrGenDmaIsr();
    156            }
    157          #endif // (defined HAL_IRGEN) && (HAL_IRGEN == TRUE)
    158          }
    159          #endif
    160          #endif  // #if ((defined HAL_DMA) && (HAL_DMA == TRUE))
    161          /******************************************************************************
    162          ******************************************************************************/

   Maximum stack usage in bytes:

     Function   ISTACK PSTACK XSTACK
     --------   ------ ------ ------
     HalDmaInit     0      0      0


   Segment part sizes:

     Function/Label     Bytes
     --------------     -----
     DMA1CFGL              1
     DMA1CFGH              1
     DMA0CFGL              1
     DMA0CFGH              1
     dmaCh0                8
     dmaCh1234            32
     HalDmaInit           17
     ??HalDmaInit?relay    6

 
 17 bytes in segment BANKED_CODE
  6 bytes in segment BANK_RELAYS
  4 bytes in segment SFR_AN
 40 bytes in segment XDATA_Z
 
 23 bytes of CODE  memory
  0 bytes of DATA  memory (+ 4 bytes shared)
 40 bytes of XDATA memory

Errors: none
Warnings: none
