###############################################################################
#                                                                             #
# IAR C/C++ Compiler V7.60.1.40026 for 8051             23/Oct/2018  17:27:15 #
# Copyright (C) 2004-2010 IAR Systems AB.                                     #
#                                                                             #
#    Core               =  plain                                              #
#    Code model         =  banked                                             #
#    Data model         =  large                                              #
#    Calling convention =  xdata reentrant                                    #
#    Constant location  =  data_rom                                           #
#    Dptr setup         =  1,16                                               #
#    Source file        =  E:\p4\main\Zigbee\cc2530\mine_project_voice\driver #
#                          \MobilePhone\hal_adc.c                             #
#    Command line       =  E:\p4\main\Zigbee\cc2530\mine_project_voice\driver #
#                          \MobilePhone\hal_adc.c -D xSMS_TEMPLATE -D         #
#                          MENU_CLOCKFORMAT -D CELLSWITCH_DEBUG -D            #
#                          MP_INFORMATION -D HOLD_AUTO_START -D SMS_SENDBOX   #
#                          -D NEW_MENU_LIB -D WATCHDOG=TRUE -D                #
#                          NEW_DOUBLE_NVID_OP -D AUDIO_SERIAL -D              #
#                          NWK_AUTO_POLL -D OSC32K_CRYSTAL_INSTALLED=FALSE    #
#                          -D xAUDIO_TEST -D xSINGLE_AUDIO_TEST -D            #
#                          xMULTIAUDIO_TEST -D xREFLECTOR -D xLCD_SUPPORTED   #
#                          -D HAL_LCD=FALSE -D HAL_AUDIO=TRUE -D              #
#                          HAL_SPI=FALSE -D HAL_UART=FALSE -D HAL_LED=FALSE   #
#                          -D HAL_AES=FALSE -D HAL_KEY=TRUE -D                #
#                          IDX_THRESHOLD=12 -D xMACNODEBUG -D                 #
#                          xMAC_NO_PARAM_CHECK -D HAL_AUDIO=TRUE -D           #
#                          HAL_DMA=TRUE -D HAL_AES=FALSE -D                   #
#                          MAC_CFG_TX_DATA_MAX=8 -D MAC_CFG_TX_MAX=12 -D      #
#                          MAC_CFG_RX_MAX=8 -lcN E:\p4\main\Zigbee\cc2530\min #
#                          e_project_voice\app\MobilePhone\iar\Release\List\  #
#                          -lb E:\p4\main\Zigbee\cc2530\mine_project_voice\ap #
#                          p\MobilePhone\iar\Release\List\ -o                 #
#                          E:\p4\main\Zigbee\cc2530\mine_project_voice\app\Mo #
#                          bilePhone\iar\Release\Obj\ -e                      #
#                          --require_prototypes --no_unroll --no_inline       #
#                          --no_code_motion --debug --core=plain --dptr=16,1  #
#                          --data_model=large --code_model=banked             #
#                          --calling_convention=xdata_reentrant               #
#                          --place_constants=data_rom --nr_virtual_regs 16    #
#                          -I E:\p4\main\Zigbee\cc2530\mine_project_voice\app #
#                          \MobilePhone\iar\..\src\ -I                        #
#                          E:\p4\main\Zigbee\cc2530\mine_project_voice\app\Mo #
#                          bilePhone\iar\..\src\MenuLib\ -I                   #
#                          E:\p4\main\Zigbee\cc2530\mine_project_voice\app\Mo #
#                          bilePhone\iar\..\src\MenuLib\util\ -I              #
#                          E:\p4\main\Zigbee\cc2530\mine_project_voice\app\Mo #
#                          bilePhone\iar\..\..\..\third_party\TIMAC-CC2530-1. #
#                          3.1\COMPONENTS\MAC\INCLUDE\ -I                     #
#                          E:\p4\main\Zigbee\cc2530\mine_project_voice\app\Mo #
#                          bilePhone\iar\..\..\..\third_party\TIMAC-CC2530-1. #
#                          3.1\COMPONENTS\MAC\HIGH_LEVEL\ -I                  #
#                          E:\p4\main\Zigbee\cc2530\mine_project_voice\app\Mo #
#                          bilePhone\iar\..\..\..\third_party\TIMAC-CC2530-1. #
#                          3.1\COMPONENTS\MAC\LOW_LEVEL\ -I                   #
#                          E:\p4\main\Zigbee\cc2530\mine_project_voice\app\Mo #
#                          bilePhone\iar\..\..\..\third_party\TIMAC-CC2530-1. #
#                          3.1\COMPONENTS\MAC\LOW_LEVEL\SRF04\ -I             #
#                          E:\p4\main\Zigbee\cc2530\mine_project_voice\app\Mo #
#                          bilePhone\iar\..\..\..\third_party\TIMAC-CC2530-1. #
#                          3.1\COMPONENTS\MAC\LOW_LEVEL\SRF04\SINGLE_CHIP\    #
#                          -I E:\p4\main\Zigbee\cc2530\mine_project_voice\app #
#                          \MobilePhone\iar\..\..\..\third_party\TIMAC-CC2530 #
#                          -1.3.1\COMPONENTS\OSAL\INCLUDE\ -I                 #
#                          E:\p4\main\Zigbee\cc2530\mine_project_voice\app\Mo #
#                          bilePhone\iar\..\..\..\third_party\TIMAC-CC2530-1. #
#                          3.1\COMPONENTS\OSAL\MCU\CC2530\ -I                 #
#                          E:\p4\main\Zigbee\cc2530\mine_project_voice\app\Mo #
#                          bilePhone\iar\..\..\..\third_party\TIMAC-CC2530-1. #
#                          3.1\COMPONENTS\SERVICES\SADDR\ -I                  #
#                          E:\p4\main\Zigbee\cc2530\mine_project_voice\app\Mo #
#                          bilePhone\iar\..\..\..\third_party\TIMAC-CC2530-1. #
#                          3.1\COMPONENTS\SERVICES\SDATA\ -I                  #
#                          E:\p4\main\Zigbee\cc2530\mine_project_voice\app\Mo #
#                          bilePhone\iar\..\..\..\third_party\TIMAC-CC2530-1. #
#                          3.1\COMPONENTS\MT\ -I E:\p4\main\Zigbee\cc2530\min #
#                          e_project_voice\app\MobilePhone\iar\..\..\..\..\.. #
#                          \..\common\ -I E:\p4\main\Zigbee\cc2530\mine_proje #
#                          ct_voice\app\MobilePhone\iar\..\..\..\..\..\common #
#                          \lcd\ -I E:\p4\main\Zigbee\cc2530\mine_project_voi #
#                          ce\app\MobilePhone\iar\..\..\..\..\..\..\common\2g #
#                          \ -I E:\p4\main\Zigbee\cc2530\mine_project_voice\a #
#                          pp\MobilePhone\iar\..\..\..\..\..\..\ -I           #
#                          E:\p4\main\Zigbee\cc2530\mine_project_voice\app\Mo #
#                          bilePhone\iar\..\..\..\driver\ -I                  #
#                          E:\p4\main\Zigbee\cc2530\mine_project_voice\app\Mo #
#                          bilePhone\iar\..\..\..\util\ -I                    #
#                          E:\p4\main\Zigbee\cc2530\mine_project_voice\app\Mo #
#                          bilePhone\iar\..\..\..\driver\include\ -I          #
#                          E:\p4\main\Zigbee\cc2530\mine_project_voice\app\Mo #
#                          bilePhone\iar\..\..\..\driver\common\ -I           #
#                          E:\p4\main\Zigbee\cc2530\mine_project_voice\app\Mo #
#                          bilePhone\iar\..\..\..\driver\MobilePhone\ -I      #
#                          E:\p4\main\Zigbee\cc2530\mine_project_voice\app\Mo #
#                          bilePhone\iar\..\..\..\driver\MobilePhone\audio\   #
#                          -I E:\p4\main\Zigbee\cc2530\mine_project_voice\app #
#                          \MobilePhone\iar\..\..\..\driver\MobilePhone\commo #
#                          n\ -I E:\p4\main\Zigbee\cc2530\mine_project_voice\ #
#                          app\MobilePhone\iar\..\..\..\driver\MobilePhone\ke #
#                          y\ -I E:\p4\main\Zigbee\cc2530\mine_project_voice\ #
#                          app\MobilePhone\iar\..\..\..\driver\MobilePhone\lc #
#                          d\ -I E:\p4\main\Zigbee\cc2530\mine_project_voice\ #
#                          app\MobilePhone\iar\..\..\..\driver\MobilePhone\io #
#                          expand\ -I "C:\Program Files\IAR Systems\Embedded  #
#                          Workbench 5.4\8051\INC\" -I "C:\Program Files\IAR  #
#                          Systems\Embedded Workbench 5.4\8051\INC\CLIB\"     #
#                          -Ohs                                               #
#    List file          =  E:\p4\main\Zigbee\cc2530\mine_project_voice\app\Mo #
#                          bilePhone\iar\Release\List\hal_adc.lst             #
#    Object file        =  E:\p4\main\Zigbee\cc2530\mine_project_voice\app\Mo #
#                          bilePhone\iar\Release\Obj\hal_adc.r51              #
#                                                                             #
#                                                                             #
###############################################################################

E:\p4\main\Zigbee\cc2530\mine_project_voice\driver\MobilePhone\hal_adc.c
      1          /**************************************************************************************************
      2            Filename:       hal_adc.c
      3            Revised:        $Date: 2011/03/14 19:56:36 $
      4            Revision:       $Revision: 1.2 $
      5          
      6            Description:    This file contains the interface to the HAL ADC.
      7          
      8          
      9            Copyright 2006-2010 Texas Instruments Incorporated. All rights reserved.
     10          
     11            IMPORTANT: Your use of this Software is limited to those specific rights
     12            granted under the terms of a software license agreement between the user
     13            who downloaded the software, his/her employer (which must be your employer)
     14            and Texas Instruments Incorporated (the "License").  You may not use this
     15            Software unless you agree to abide by the terms of the License. The License
     16            limits your use, and you acknowledge, that the Software may not be modified,
     17            copied or distributed unless embedded on a Texas Instruments microcontroller
     18            or used solely and exclusively in conjunction with a Texas Instruments radio
     19            frequency transceiver, which is integrated into your product.  Other than for
     20            the foregoing purpose, you may not use, reproduce, copy, prepare derivative
     21            works of, modify, distribute, perform, display or sell this Software and/or
     22            its documentation for any purpose.
     23          
     24            YOU FURTHER ACKNOWLEDGE AND AGREE THAT THE SOFTWARE AND DOCUMENTATION ARE
     25            PROVIDED “AS IS?WITHOUT WARRANTY OF ANY KIND, EITHER EXPRESS OR IMPLIED,
     26            INCLUDING WITHOUT LIMITATION, ANY WARRANTY OF MERCHANTABILITY, TITLE,
     27            NON-INFRINGEMENT AND FITNESS FOR A PARTICULAR PURPOSE. IN NO EVENT SHALL
     28            TEXAS INSTRUMENTS OR ITS LICENSORS BE LIABLE OR OBLIGATED UNDER CONTRACT,
     29            NEGLIGENCE, STRICT LIABILITY, CONTRIBUTION, BREACH OF WARRANTY, OR OTHER
     30            LEGAL EQUITABLE THEORY ANY DIRECT OR INDIRECT DAMAGES OR EXPENSES
     31            INCLUDING BUT NOT LIMITED TO ANY INCIDENTAL, SPECIAL, INDIRECT, PUNITIVE
     32            OR CONSEQUENTIAL DAMAGES, LOST PROFITS OR LOST DATA, COST OF PROCUREMENT
     33            OF SUBSTITUTE GOODS, TECHNOLOGY, SERVICES, OR ANY CLAIMS BY THIRD PARTIES
     34            (INCLUDING BUT NOT LIMITED TO ANY DEFENSE THEREOF), OR OTHER SIMILAR COSTS.
     35          
     36            Should you have any questions regarding your right to use this Software,
     37            contact Texas Instruments Incorporated at www.TI.com.
     38          **************************************************************************************************/
     39          
     40          /**************************************************************************************************
     41           *                                           INCLUDES
     42           **************************************************************************************************/
     43          
     44          #include  "hal_adc.h"
     45          #include  "hal_defs.h"
     46          #include  "hal_mcu.h"
     47          #include  "hal_types.h"
     48          
     49          /**************************************************************************************************
     50           *                                            CONSTANTS
     51           **************************************************************************************************/
     52          #define HAL_ADC_EOC         0x80    /* End of Conversion bit */
     53          #define HAL_ADC_START       0x40    /* Starts Conversion */
     54          
     55          #define HAL_ADC_STSEL_EXT   0x00    /* External Trigger */
     56          #define HAL_ADC_STSEL_FULL  0x10    /* Full Speed, No Trigger */
     57          #define HAL_ADC_STSEL_T1C0  0x20    /* Timer1, Channel 0 Compare Event Trigger */
     58          #define HAL_ADC_STSEL_ST    0x30    /* ADCCON1.ST =1 Trigger */
     59          
     60          #define HAL_ADC_RAND_NORM   0x00    /* Normal Operation */
     61          #define HAL_ADC_RAND_LFSR   0x04    /* Clock LFSR */
     62          #define HAL_ADC_RAND_SEED   0x08    /* Seed Modulator */
     63          #define HAL_ADC_RAND_STOP   0x0c    /* Stop Random Generator */
     64          #define HAL_ADC_RAND_BITS   0x0c    /* Bits [3:2] */
     65          
     66          #define HAL_ADC_DEC_064     0x00    /* Decimate by 64 : 8-bit resolution */
     67          #define HAL_ADC_DEC_128     0x10    /* Decimate by 128 : 10-bit resolution */
     68          #define HAL_ADC_DEC_256     0x20    /* Decimate by 256 : 12-bit resolution */
     69          #define HAL_ADC_DEC_512     0x30    /* Decimate by 512 : 14-bit resolution */
     70          #define HAL_ADC_DEC_BITS    0x30    /* Bits [5:4] */
     71          
     72          #define HAL_ADC_STSEL       HAL_ADC_STSEL_ST
     73          #define HAL_ADC_RAND_GEN    HAL_ADC_RAND_STOP
     74          #define HAL_ADC_REF_VOLT    HAL_ADC_REF_AVDD
     75          #define HAL_ADC_DEC_RATE    HAL_ADC_DEC_064
     76          #define HAL_ADC_SCHN        HAL_ADC_CHN_VDD3
     77          #define HAL_ADC_ECHN        HAL_ADC_CHN_GND
     78          
     79          /* ------------------------------------------------------------------------------------------------
     80           *                                       Local Variables
     81           * ------------------------------------------------------------------------------------------------
     82           */
     83          
     84          #if (HAL_ADC == TRUE)
     85          static uint8 adcRef;
     86          #endif
     87          
     88          /**************************************************************************************************
     89           * @fn      HalAdcInit
     90           *
     91           * @brief   Initialize ADC Service
     92           *
     93           * @param   None
     94           *
     95           * @return  None
     96           **************************************************************************************************/
     97          void HalAdcInit (void)
     98          {
     99          #if (HAL_ADC == TRUE)
    100            adcRef = HAL_ADC_REF_VOLT;
    101          #endif
    102          }
    103          
    104          /**************************************************************************************************
    105           * @fn      HalAdcRead
    106           *
    107           * @brief   Read the ADC based on given channel and resolution
    108           *
    109           * @param   channel - channel where ADC will be read
    110           * @param   resolution - the resolution of the value
    111           *
    112           * @return  16 bit value of the ADC in offset binary format.
    113           *
    114           *          Note that the ADC is "bipolar", which means the GND (0V) level is mid-scale.
    115           *          Note2: This function assumes that ADCCON3 contains the voltage reference.
    116           **************************************************************************************************/
    117          uint16 HalAdcRead (uint8 channel, uint8 resolution)
    118          {
    119            int16  reading = 0;
    120          
    121          #if (HAL_ADC == TRUE)
    122            uint8   i, resbits;
    123            uint8  adcChannel = 1;
    124          
    125            /*
    126             * If Analog input channel is AIN0..AIN7, make sure corresponing P0 I/O pin is enabled.  The code
    127             * does NOT disable the pin at the end of this function.  I think it is better to leave the pin
    128             * enabled because the results will be more accurate.  Because of the inherent capacitance on the
    129             * pin, it takes time for the voltage on the pin to charge up to its steady-state level.  If
    130             * HalAdcRead() has to turn on the pin for every conversion, the results may show a lower voltage
    131             * than actuality because the pin did not have time to fully charge.
    132             */
    133            if (channel < 8)
    134            {
    135              for (i=0; i < channel; i++)
    136              {
    137                adcChannel <<= 1;
    138              }
    139            }
    140          
    141            /* Enable channel */
    142            ADCCFG |= adcChannel;
    143          
    144            /* Convert resolution to decimation rate */
    145            switch (resolution)
    146            {
    147              case HAL_ADC_RESOLUTION_8:
    148                resbits = HAL_ADC_DEC_064;
    149                break;
    150              case HAL_ADC_RESOLUTION_10:
    151                resbits = HAL_ADC_DEC_128;
    152                break;
    153              case HAL_ADC_RESOLUTION_12:
    154                resbits = HAL_ADC_DEC_256;
    155                break;
    156              case HAL_ADC_RESOLUTION_14:
    157              default:
    158                resbits = HAL_ADC_DEC_512;
    159                break;
    160            }
    161          
    162            /* writing to this register starts the extra conversion */
    163            ADCCON3 = channel | resbits | adcRef;
    164          
    165            /* Wait for the conversion to be done */
    166            while (!(ADCCON1 & HAL_ADC_EOC));
    167          
    168            /* Disable channel after done conversion */
    169            //ADCCFG &= (adcChannel ^ 0xFF);
    170          
    171            /* Read the result */
    172            reading = (int16) (ADCL);
    173            reading |= (int16) (ADCH << 8);
    174          
    175            /* Treat small negative as 0 */
    176            if (reading < 0)
    177              reading = 0;
    178          
    179            switch (resolution)
    180            {
    181              case HAL_ADC_RESOLUTION_8:
    182                reading >>= 8;
    183                break;
    184              case HAL_ADC_RESOLUTION_10:
    185                reading >>= 6;
    186                break;
    187              case HAL_ADC_RESOLUTION_12:
    188                reading >>= 4;
    189                break;
    190              case HAL_ADC_RESOLUTION_14:
    191              default:
    192                reading >>= 2;
    193              break;
    194            }
    195          #else
    196            // unused arguments
    197            (void) channel;
    198            (void) resolution;
    199          #endif
    200          
    201            return ((uint16)reading);
    202          }
    203          
    204          /**************************************************************************************************
    205           * @fn      HalAdcSetReference
    206           *
    207           * @brief   Sets the reference voltage for the ADC and initializes the service
    208           *
    209           * @param   reference - the reference voltage to be used by the ADC
    210           *
    211           * @return  none
    212           *
    213           **************************************************************************************************/
    214          void HalAdcSetReference ( uint8 reference )
    215          {
    216          #if (HAL_ADC == TRUE)
    217            adcRef = reference;
    218          #endif
    219          }
    220          
    221          /*********************************************************************
    222           * @fn      HalAdcCheckVdd
    223           *
    224           * @brief   Check for minimum Vdd specified.
    225           *
    226           * @param   vdd - The board-specific Vdd reading to check for.
    227           *
    228           * @return  TRUE if the Vdd measured is greater than the 'vdd' minimum parameter;
    229           *          FALSE if not.
    230           *
    231           *********************************************************************/
    232          bool HalAdcCheckVdd(uint8 vdd)
    233          {
    234            ADCCON3 = 0x0F;
    235            while (!(ADCCON1 & 0x80));
    236            return (ADCH > vdd);
    237          }
    238          
    239          /**************************************************************************************************
    240          **************************************************************************************************/

   Maximum stack usage in bytes:

     Function           ISTACK PSTACK XSTACK
     --------           ------ ------ ------
     HalAdcCheckVdd         0      0      0
     HalAdcInit             2      0      0
     HalAdcRead             0      0     10
     HalAdcSetReference     2      0      0


   Segment part sizes:

     Function/Label             Bytes
     --------------             -----
     ADCCON1                       1
     ADCCON3                       1
     ADCL                          1
     ADCH                          1
     ADCCFG                        1
     adcRef                        1
     HalAdcInit                    6
     ?Subroutine0                 11
     HalAdcRead                  157
     HalAdcSetReference            8
     HalAdcCheckVdd               26
     ??HalAdcInit?relay            6
     ??HalAdcRead?relay            6
     ??HalAdcSetReference?relay    6
     ??HalAdcCheckVdd?relay        6

 
 208 bytes in segment BANKED_CODE
  24 bytes in segment BANK_RELAYS
   5 bytes in segment SFR_AN
   1 byte  in segment XDATA_Z
 
 232 bytes of CODE  memory
   0 bytes of DATA  memory (+ 5 bytes shared)
   1 byte  of XDATA memory

Errors: none
Warnings: none
