###############################################################################
#                                                                             #
# IAR C/C++ Compiler V7.60.1.40026 for 8051             23/Oct/2018  17:27:27 #
# Copyright (C) 2004-2010 IAR Systems AB.                                     #
#                                                                             #
#    Core               =  plain                                              #
#    Code model         =  banked                                             #
#    Data model         =  large                                              #
#    Calling convention =  xdata reentrant                                    #
#    Constant location  =  data_rom                                           #
#    Dptr setup         =  1,16                                               #
#    Source file        =  E:\p4\main\Zigbee\cc2530\mine_project_voice\driver #
#                          \MobilePhone\hal_startup.c                         #
#    Command line       =  E:\p4\main\Zigbee\cc2530\mine_project_voice\driver #
#                          \MobilePhone\hal_startup.c -D xSMS_TEMPLATE -D     #
#                          MENU_CLOCKFORMAT -D CELLSWITCH_DEBUG -D            #
#                          MP_INFORMATION -D HOLD_AUTO_START -D SMS_SENDBOX   #
#                          -D NEW_MENU_LIB -D WATCHDOG=TRUE -D                #
#                          NEW_DOUBLE_NVID_OP -D AUDIO_SERIAL -D              #
#                          NWK_AUTO_POLL -D OSC32K_CRYSTAL_INSTALLED=FALSE    #
#                          -D xAUDIO_TEST -D xSINGLE_AUDIO_TEST -D            #
#                          xMULTIAUDIO_TEST -D xREFLECTOR -D xLCD_SUPPORTED   #
#                          -D HAL_LCD=FALSE -D HAL_AUDIO=TRUE -D              #
#                          HAL_SPI=FALSE -D HAL_UART=FALSE -D HAL_LED=FALSE   #
#                          -D HAL_AES=FALSE -D HAL_KEY=TRUE -D                #
#                          IDX_THRESHOLD=12 -D xMACNODEBUG -D                 #
#                          xMAC_NO_PARAM_CHECK -D HAL_AUDIO=TRUE -D           #
#                          HAL_DMA=TRUE -D HAL_AES=FALSE -D                   #
#                          MAC_CFG_TX_DATA_MAX=8 -D MAC_CFG_TX_MAX=12 -D      #
#                          MAC_CFG_RX_MAX=8 -lcN E:\p4\main\Zigbee\cc2530\min #
#                          e_project_voice\app\MobilePhone\iar\Release\List\  #
#                          -lb E:\p4\main\Zigbee\cc2530\mine_project_voice\ap #
#                          p\MobilePhone\iar\Release\List\ -o                 #
#                          E:\p4\main\Zigbee\cc2530\mine_project_voice\app\Mo #
#                          bilePhone\iar\Release\Obj\ -e                      #
#                          --require_prototypes --no_unroll --no_inline       #
#                          --no_code_motion --debug --core=plain --dptr=16,1  #
#                          --data_model=large --code_model=banked             #
#                          --calling_convention=xdata_reentrant               #
#                          --place_constants=data_rom --nr_virtual_regs 16    #
#                          -I E:\p4\main\Zigbee\cc2530\mine_project_voice\app #
#                          \MobilePhone\iar\..\src\ -I                        #
#                          E:\p4\main\Zigbee\cc2530\mine_project_voice\app\Mo #
#                          bilePhone\iar\..\src\MenuLib\ -I                   #
#                          E:\p4\main\Zigbee\cc2530\mine_project_voice\app\Mo #
#                          bilePhone\iar\..\src\MenuLib\util\ -I              #
#                          E:\p4\main\Zigbee\cc2530\mine_project_voice\app\Mo #
#                          bilePhone\iar\..\..\..\third_party\TIMAC-CC2530-1. #
#                          3.1\COMPONENTS\MAC\INCLUDE\ -I                     #
#                          E:\p4\main\Zigbee\cc2530\mine_project_voice\app\Mo #
#                          bilePhone\iar\..\..\..\third_party\TIMAC-CC2530-1. #
#                          3.1\COMPONENTS\MAC\HIGH_LEVEL\ -I                  #
#                          E:\p4\main\Zigbee\cc2530\mine_project_voice\app\Mo #
#                          bilePhone\iar\..\..\..\third_party\TIMAC-CC2530-1. #
#                          3.1\COMPONENTS\MAC\LOW_LEVEL\ -I                   #
#                          E:\p4\main\Zigbee\cc2530\mine_project_voice\app\Mo #
#                          bilePhone\iar\..\..\..\third_party\TIMAC-CC2530-1. #
#                          3.1\COMPONENTS\MAC\LOW_LEVEL\SRF04\ -I             #
#                          E:\p4\main\Zigbee\cc2530\mine_project_voice\app\Mo #
#                          bilePhone\iar\..\..\..\third_party\TIMAC-CC2530-1. #
#                          3.1\COMPONENTS\MAC\LOW_LEVEL\SRF04\SINGLE_CHIP\    #
#                          -I E:\p4\main\Zigbee\cc2530\mine_project_voice\app #
#                          \MobilePhone\iar\..\..\..\third_party\TIMAC-CC2530 #
#                          -1.3.1\COMPONENTS\OSAL\INCLUDE\ -I                 #
#                          E:\p4\main\Zigbee\cc2530\mine_project_voice\app\Mo #
#                          bilePhone\iar\..\..\..\third_party\TIMAC-CC2530-1. #
#                          3.1\COMPONENTS\OSAL\MCU\CC2530\ -I                 #
#                          E:\p4\main\Zigbee\cc2530\mine_project_voice\app\Mo #
#                          bilePhone\iar\..\..\..\third_party\TIMAC-CC2530-1. #
#                          3.1\COMPONENTS\SERVICES\SADDR\ -I                  #
#                          E:\p4\main\Zigbee\cc2530\mine_project_voice\app\Mo #
#                          bilePhone\iar\..\..\..\third_party\TIMAC-CC2530-1. #
#                          3.1\COMPONENTS\SERVICES\SDATA\ -I                  #
#                          E:\p4\main\Zigbee\cc2530\mine_project_voice\app\Mo #
#                          bilePhone\iar\..\..\..\third_party\TIMAC-CC2530-1. #
#                          3.1\COMPONENTS\MT\ -I E:\p4\main\Zigbee\cc2530\min #
#                          e_project_voice\app\MobilePhone\iar\..\..\..\..\.. #
#                          \..\common\ -I E:\p4\main\Zigbee\cc2530\mine_proje #
#                          ct_voice\app\MobilePhone\iar\..\..\..\..\..\common #
#                          \lcd\ -I E:\p4\main\Zigbee\cc2530\mine_project_voi #
#                          ce\app\MobilePhone\iar\..\..\..\..\..\..\common\2g #
#                          \ -I E:\p4\main\Zigbee\cc2530\mine_project_voice\a #
#                          pp\MobilePhone\iar\..\..\..\..\..\..\ -I           #
#                          E:\p4\main\Zigbee\cc2530\mine_project_voice\app\Mo #
#                          bilePhone\iar\..\..\..\driver\ -I                  #
#                          E:\p4\main\Zigbee\cc2530\mine_project_voice\app\Mo #
#                          bilePhone\iar\..\..\..\util\ -I                    #
#                          E:\p4\main\Zigbee\cc2530\mine_project_voice\app\Mo #
#                          bilePhone\iar\..\..\..\driver\include\ -I          #
#                          E:\p4\main\Zigbee\cc2530\mine_project_voice\app\Mo #
#                          bilePhone\iar\..\..\..\driver\common\ -I           #
#                          E:\p4\main\Zigbee\cc2530\mine_project_voice\app\Mo #
#                          bilePhone\iar\..\..\..\driver\MobilePhone\ -I      #
#                          E:\p4\main\Zigbee\cc2530\mine_project_voice\app\Mo #
#                          bilePhone\iar\..\..\..\driver\MobilePhone\audio\   #
#                          -I E:\p4\main\Zigbee\cc2530\mine_project_voice\app #
#                          \MobilePhone\iar\..\..\..\driver\MobilePhone\commo #
#                          n\ -I E:\p4\main\Zigbee\cc2530\mine_project_voice\ #
#                          app\MobilePhone\iar\..\..\..\driver\MobilePhone\ke #
#                          y\ -I E:\p4\main\Zigbee\cc2530\mine_project_voice\ #
#                          app\MobilePhone\iar\..\..\..\driver\MobilePhone\lc #
#                          d\ -I E:\p4\main\Zigbee\cc2530\mine_project_voice\ #
#                          app\MobilePhone\iar\..\..\..\driver\MobilePhone\io #
#                          expand\ -I "C:\Program Files\IAR Systems\Embedded  #
#                          Workbench 5.4\8051\INC\" -I "C:\Program Files\IAR  #
#                          Systems\Embedded Workbench 5.4\8051\INC\CLIB\"     #
#                          -Ohs                                               #
#    List file          =  E:\p4\main\Zigbee\cc2530\mine_project_voice\app\Mo #
#                          bilePhone\iar\Release\List\hal_startup.lst         #
#    Object file        =  E:\p4\main\Zigbee\cc2530\mine_project_voice\app\Mo #
#                          bilePhone\iar\Release\Obj\hal_startup.r51          #
#                                                                             #
#                                                                             #
###############################################################################

E:\p4\main\Zigbee\cc2530\mine_project_voice\driver\MobilePhone\hal_startup.c
      1          /**************************************************************************************************
      2            Filename:       hal_startup.c
      3            Revised:        $Date: 2011/03/14 19:56:36 $
      4            Revision:       $Revision: 1.2 $
      5          
      6            Description:    Contains code that needs to run before main()
      7          
      8            Copyright 2008 Texas Instruments Incorporated. All rights reserved.
      9          
     10            IMPORTANT: Your use of this Software is limited to those specific rights
     11            granted under the terms of a software license agreement between the user
     12            who downloaded the software, his/her employer (which must be your employer)
     13            and Texas Instruments Incorporated (the "License").  You may not use this
     14            Software unless you agree to abide by the terms of the License. The License
     15            limits your use, and you acknowledge, that the Software may not be modified,
     16            copied or distributed unless embedded on a Texas Instruments microcontroller
     17            or used solely and exclusively in conjunction with a Texas Instruments radio
     18            frequency transceiver, which is integrated into your product.  Other than for
     19            the foregoing purpose, you may not use, reproduce, copy, prepare derivative
     20            works of, modify, distribute, perform, display or sell this Software and/or
     21            its documentation for any purpose.
     22          
     23            YOU FURTHER ACKNOWLEDGE AND AGREE THAT THE SOFTWARE AND DOCUMENTATION ARE
     24            PROVIDED “AS IS” WITHOUT WARRANTY OF ANY KIND, EITHER EXPRESS OR IMPLIED,
     25            INCLUDING WITHOUT LIMITATION, ANY WARRANTY OF MERCHANTABILITY, TITLE,
     26            NON-INFRINGEMENT AND FITNESS FOR A PARTICULAR PURPOSE. IN NO EVENT SHALL
     27            TEXAS INSTRUMENTS OR ITS LICENSORS BE LIABLE OR OBLIGATED UNDER CONTRACT,
     28            NEGLIGENCE, STRICT LIABILITY, CONTRIBUTION, BREACH OF WARRANTY, OR OTHER
     29            LEGAL EQUITABLE THEORY ANY DIRECT OR INDIRECT DAMAGES OR EXPENSES
     30            INCLUDING BUT NOT LIMITED TO ANY INCIDENTAL, SPECIAL, INDIRECT, PUNITIVE
     31            OR CONSEQUENTIAL DAMAGES, LOST PROFITS OR LOST DATA, COST OF PROCUREMENT
     32            OF SUBSTITUTE GOODS, TECHNOLOGY, SERVICES, OR ANY CLAIMS BY THIRD PARTIES
     33            (INCLUDING BUT NOT LIMITED TO ANY DEFENSE THEREOF), OR OTHER SIMILAR COSTS.
     34          
     35            Should you have any questions regarding your right to use this Software,
     36            contact Texas Instruments Incorporated at www.TI.com.
     37          **************************************************************************************************/
     38          
     39          /**************************************************************************************************
     40           * INCLUDES
     41           *************************************************************************************************/
     42          #include "hal_board.h"
     43          #include "hal_types.h"
     44          
     45          #ifdef __cplusplus
     46          extern "C" {
     47          #endif
     48          
     49          #pragma language=extended
     50          
     51          //
     52          // Locate low_level_init in the CSTART module
     53          //
     54          #pragma location="CSTART"
     55          //
     56          // If the code model is banked, low_level_init must be declared
     57          // __near_func elsa a ?BRET is performed
     58          //
     59          #if (__CODE_MODEL__ == 2)
     60          __near_func __root char
     61          #else
     62          __root char
     63          #endif
     64          __low_level_init(void);
     65          
     66          /**************************************************************************************************
     67           * @fn          __low_level_init
     68           *
     69           * @brief      The function __low_level_init is called by the start-up code before doing
     70           *                the normal initialization of data segments. If the return value is zero,
     71           *                initialization is not performed.
     72           *
     73           * @param       None
     74           *
     75           * @return      0 - don't intialize data segments / 1 - do initialization
     76           **************************************************************************************************/
     77          #if (__CODE_MODEL__ == 2)
     78          __near_func __root char
     79          #else
     80          __root char
     81          #endif
     82          __low_level_init(void)
     83          {
     84            /*==================================*/
     85            /*  Initialize hardware.            */
     86            /*==================================*/
     87            // Map flash bank #1 into XDATA for access to "ROM mapped as data".
     88            MEMCTR = (MEMCTR & 0xF8) | 0x01;
     89          
     90            /*==================================*/
     91            /* Choose if segment initialization */
     92            /* should be done or not.           */
     93            /* Return: 0 to omit seg_init       */
     94            /*         1 to run seg_init        */
     95            /*==================================*/
     96            return 1;
     97          }
     98          
     99          #pragma language=default
    100          
    101          #ifdef __cplusplus
    102          }
    103          #endif

   Maximum stack usage in bytes:

     Function         ISTACK PSTACK XSTACK
     --------         ------ ------ ------
     __low_level_init     0      0      0


   Segment part sizes:

     Function/Label   Bytes
     --------------   -----
     MEMCTR              1
     __low_level_init   11

 
 11 bytes in segment CSTART
  1 byte  in segment SFR_AN
 
 11 bytes of CODE memory
  0 bytes of DATA memory (+ 1 byte shared)

Errors: none
Warnings: none
