###############################################################################
#                                                                             #
# IAR C/C++ Compiler V7.60.1.40026 for 8051             23/Oct/2018  17:27:28 #
# Copyright (C) 2004-2010 IAR Systems AB.                                     #
#                                                                             #
#    Core               =  plain                                              #
#    Code model         =  banked                                             #
#    Data model         =  large                                              #
#    Calling convention =  xdata reentrant                                    #
#    Constant location  =  data_rom                                           #
#    Dptr setup         =  1,16                                               #
#    Source file        =  E:\p4\main\Zigbee\cc2530\mine_project_voice\third_ #
#                          party\TIMAC-CC2530-1.3.1\Components\mac\low_level\ #
#                          srf04\mac_radio.c                                  #
#    Command line       =  E:\p4\main\Zigbee\cc2530\mine_project_voice\third_ #
#                          party\TIMAC-CC2530-1.3.1\Components\mac\low_level\ #
#                          srf04\mac_radio.c -D xSMS_TEMPLATE -D              #
#                          MENU_CLOCKFORMAT -D CELLSWITCH_DEBUG -D            #
#                          MP_INFORMATION -D HOLD_AUTO_START -D SMS_SENDBOX   #
#                          -D NEW_MENU_LIB -D WATCHDOG=TRUE -D                #
#                          NEW_DOUBLE_NVID_OP -D AUDIO_SERIAL -D              #
#                          NWK_AUTO_POLL -D OSC32K_CRYSTAL_INSTALLED=FALSE    #
#                          -D xAUDIO_TEST -D xSINGLE_AUDIO_TEST -D            #
#                          xMULTIAUDIO_TEST -D xREFLECTOR -D xLCD_SUPPORTED   #
#                          -D HAL_LCD=FALSE -D HAL_AUDIO=TRUE -D              #
#                          HAL_SPI=FALSE -D HAL_UART=FALSE -D HAL_LED=FALSE   #
#                          -D HAL_AES=FALSE -D HAL_KEY=TRUE -D                #
#                          IDX_THRESHOLD=12 -D xMACNODEBUG -D                 #
#                          xMAC_NO_PARAM_CHECK -D HAL_AUDIO=TRUE -D           #
#                          HAL_DMA=TRUE -D HAL_AES=FALSE -D                   #
#                          MAC_CFG_TX_DATA_MAX=8 -D MAC_CFG_TX_MAX=12 -D      #
#                          MAC_CFG_RX_MAX=8 -lcN E:\p4\main\Zigbee\cc2530\min #
#                          e_project_voice\app\MobilePhone\iar\Release\List\  #
#                          -lb E:\p4\main\Zigbee\cc2530\mine_project_voice\ap #
#                          p\MobilePhone\iar\Release\List\ -o                 #
#                          E:\p4\main\Zigbee\cc2530\mine_project_voice\app\Mo #
#                          bilePhone\iar\Release\Obj\ -e                      #
#                          --require_prototypes --no_unroll --no_inline       #
#                          --no_code_motion --debug --core=plain --dptr=16,1  #
#                          --data_model=large --code_model=banked             #
#                          --calling_convention=xdata_reentrant               #
#                          --place_constants=data_rom --nr_virtual_regs 16    #
#                          -I E:\p4\main\Zigbee\cc2530\mine_project_voice\app #
#                          \MobilePhone\iar\..\src\ -I                        #
#                          E:\p4\main\Zigbee\cc2530\mine_project_voice\app\Mo #
#                          bilePhone\iar\..\src\MenuLib\ -I                   #
#                          E:\p4\main\Zigbee\cc2530\mine_project_voice\app\Mo #
#                          bilePhone\iar\..\src\MenuLib\util\ -I              #
#                          E:\p4\main\Zigbee\cc2530\mine_project_voice\app\Mo #
#                          bilePhone\iar\..\..\..\third_party\TIMAC-CC2530-1. #
#                          3.1\COMPONENTS\MAC\INCLUDE\ -I                     #
#                          E:\p4\main\Zigbee\cc2530\mine_project_voice\app\Mo #
#                          bilePhone\iar\..\..\..\third_party\TIMAC-CC2530-1. #
#                          3.1\COMPONENTS\MAC\HIGH_LEVEL\ -I                  #
#                          E:\p4\main\Zigbee\cc2530\mine_project_voice\app\Mo #
#                          bilePhone\iar\..\..\..\third_party\TIMAC-CC2530-1. #
#                          3.1\COMPONENTS\MAC\LOW_LEVEL\ -I                   #
#                          E:\p4\main\Zigbee\cc2530\mine_project_voice\app\Mo #
#                          bilePhone\iar\..\..\..\third_party\TIMAC-CC2530-1. #
#                          3.1\COMPONENTS\MAC\LOW_LEVEL\SRF04\ -I             #
#                          E:\p4\main\Zigbee\cc2530\mine_project_voice\app\Mo #
#                          bilePhone\iar\..\..\..\third_party\TIMAC-CC2530-1. #
#                          3.1\COMPONENTS\MAC\LOW_LEVEL\SRF04\SINGLE_CHIP\    #
#                          -I E:\p4\main\Zigbee\cc2530\mine_project_voice\app #
#                          \MobilePhone\iar\..\..\..\third_party\TIMAC-CC2530 #
#                          -1.3.1\COMPONENTS\OSAL\INCLUDE\ -I                 #
#                          E:\p4\main\Zigbee\cc2530\mine_project_voice\app\Mo #
#                          bilePhone\iar\..\..\..\third_party\TIMAC-CC2530-1. #
#                          3.1\COMPONENTS\OSAL\MCU\CC2530\ -I                 #
#                          E:\p4\main\Zigbee\cc2530\mine_project_voice\app\Mo #
#                          bilePhone\iar\..\..\..\third_party\TIMAC-CC2530-1. #
#                          3.1\COMPONENTS\SERVICES\SADDR\ -I                  #
#                          E:\p4\main\Zigbee\cc2530\mine_project_voice\app\Mo #
#                          bilePhone\iar\..\..\..\third_party\TIMAC-CC2530-1. #
#                          3.1\COMPONENTS\SERVICES\SDATA\ -I                  #
#                          E:\p4\main\Zigbee\cc2530\mine_project_voice\app\Mo #
#                          bilePhone\iar\..\..\..\third_party\TIMAC-CC2530-1. #
#                          3.1\COMPONENTS\MT\ -I E:\p4\main\Zigbee\cc2530\min #
#                          e_project_voice\app\MobilePhone\iar\..\..\..\..\.. #
#                          \..\common\ -I E:\p4\main\Zigbee\cc2530\mine_proje #
#                          ct_voice\app\MobilePhone\iar\..\..\..\..\..\common #
#                          \lcd\ -I E:\p4\main\Zigbee\cc2530\mine_project_voi #
#                          ce\app\MobilePhone\iar\..\..\..\..\..\..\common\2g #
#                          \ -I E:\p4\main\Zigbee\cc2530\mine_project_voice\a #
#                          pp\MobilePhone\iar\..\..\..\..\..\..\ -I           #
#                          E:\p4\main\Zigbee\cc2530\mine_project_voice\app\Mo #
#                          bilePhone\iar\..\..\..\driver\ -I                  #
#                          E:\p4\main\Zigbee\cc2530\mine_project_voice\app\Mo #
#                          bilePhone\iar\..\..\..\util\ -I                    #
#                          E:\p4\main\Zigbee\cc2530\mine_project_voice\app\Mo #
#                          bilePhone\iar\..\..\..\driver\include\ -I          #
#                          E:\p4\main\Zigbee\cc2530\mine_project_voice\app\Mo #
#                          bilePhone\iar\..\..\..\driver\common\ -I           #
#                          E:\p4\main\Zigbee\cc2530\mine_project_voice\app\Mo #
#                          bilePhone\iar\..\..\..\driver\MobilePhone\ -I      #
#                          E:\p4\main\Zigbee\cc2530\mine_project_voice\app\Mo #
#                          bilePhone\iar\..\..\..\driver\MobilePhone\audio\   #
#                          -I E:\p4\main\Zigbee\cc2530\mine_project_voice\app #
#                          \MobilePhone\iar\..\..\..\driver\MobilePhone\commo #
#                          n\ -I E:\p4\main\Zigbee\cc2530\mine_project_voice\ #
#                          app\MobilePhone\iar\..\..\..\driver\MobilePhone\ke #
#                          y\ -I E:\p4\main\Zigbee\cc2530\mine_project_voice\ #
#                          app\MobilePhone\iar\..\..\..\driver\MobilePhone\lc #
#                          d\ -I E:\p4\main\Zigbee\cc2530\mine_project_voice\ #
#                          app\MobilePhone\iar\..\..\..\driver\MobilePhone\io #
#                          expand\ -I "C:\Program Files\IAR Systems\Embedded  #
#                          Workbench 5.4\8051\INC\" -I "C:\Program Files\IAR  #
#                          Systems\Embedded Workbench 5.4\8051\INC\CLIB\"     #
#                          -Ohs                                               #
#    List file          =  E:\p4\main\Zigbee\cc2530\mine_project_voice\app\Mo #
#                          bilePhone\iar\Release\List\mac_radio.lst           #
#    Object file        =  E:\p4\main\Zigbee\cc2530\mine_project_voice\app\Mo #
#                          bilePhone\iar\Release\Obj\mac_radio.r51            #
#                                                                             #
#                                                                             #
###############################################################################

E:\p4\main\Zigbee\cc2530\mine_project_voice\third_party\TIMAC-CC2530-1.3.1\Components\mac\low_level\srf04\mac_radio.c
      1          /**************************************************************************************************
      2            Filename:       mac_radio.c
      3            Revised:        $Date: 2011/03/14 18:43:37 $
      4            Revision:       $Revision: 1.1 $
      5          
      6            Description:    Describe the purpose and contents of the file.
      7          
      8          
      9            Copyright 2006-2010 Texas Instruments Incorporated. All rights reserved.
     10          
     11            IMPORTANT: Your use of this Software is limited to those specific rights
     12            granted under the terms of a software license agreement between the user
     13            who downloaded the software, his/her employer (which must be your employer)
     14            and Texas Instruments Incorporated (the "License").  You may not use this
     15            Software unless you agree to abide by the terms of the License. The License
     16            limits your use, and you acknowledge, that the Software may not be modified,
     17            copied or distributed unless embedded on a Texas Instruments microcontroller
     18            or used solely and exclusively in conjunction with a Texas Instruments radio
     19            frequency transceiver, which is integrated into your product.  Other than for
     20            the foregoing purpose, you may not use, reproduce, copy, prepare derivative
     21            works of, modify, distribute, perform, display or sell this Software and/or
     22            its documentation for any purpose.
     23          
     24            YOU FURTHER ACKNOWLEDGE AND AGREE THAT THE SOFTWARE AND DOCUMENTATION ARE
     25            PROVIDED “AS IS” WITHOUT WARRANTY OF ANY KIND, EITHER EXPRESS OR IMPLIED,
     26            INCLUDING WITHOUT LIMITATION, ANY WARRANTY OF MERCHANTABILITY, TITLE,
     27            NON-INFRINGEMENT AND FITNESS FOR A PARTICULAR PURPOSE. IN NO EVENT SHALL
     28            TEXAS INSTRUMENTS OR ITS LICENSORS BE LIABLE OR OBLIGATED UNDER CONTRACT,
     29            NEGLIGENCE, STRICT LIABILITY, CONTRIBUTION, BREACH OF WARRANTY, OR OTHER
     30            LEGAL EQUITABLE THEORY ANY DIRECT OR INDIRECT DAMAGES OR EXPENSES
     31            INCLUDING BUT NOT LIMITED TO ANY INCIDENTAL, SPECIAL, INDIRECT, PUNITIVE
     32            OR CONSEQUENTIAL DAMAGES, LOST PROFITS OR LOST DATA, COST OF PROCUREMENT
     33            OF SUBSTITUTE GOODS, TECHNOLOGY, SERVICES, OR ANY CLAIMS BY THIRD PARTIES
     34            (INCLUDING BUT NOT LIMITED TO ANY DEFENSE THEREOF), OR OTHER SIMILAR COSTS.
     35          
     36            Should you have any questions regarding your right to use this Software,
     37            contact Texas Instruments Incorporated at www.TI.com.
     38          **************************************************************************************************/
     39          
     40          /* ------------------------------------------------------------------------------------------------
     41           *                                          Includes
     42           * ------------------------------------------------------------------------------------------------
     43           */
     44          
     45          /* hal */
     46          #include "hal_types.h"
     47          
     48          /* high-level */
     49          #include "mac_pib.h"
     50          
     51          /* exported low-level */
     52          #include "mac_low_level.h"
     53          
     54          /* low-level specific */
     55          #include "mac_radio.h"
     56          #include "mac_tx.h"
     57          #include "mac_rx.h"
     58          #include "mac_rx_onoff.h"
     59          #include "mac_sleep.h"
     60          #include "mac_backoff_timer.h"
     61          
     62          /* target specific */
     63          #include "mac_radio_defs.h"
     64          
     65          /* debug */
     66          #include "mac_assert.h"
     67          
     68          
     69          /* ------------------------------------------------------------------------------------------------
     70           *                                          Includes
     71           * ------------------------------------------------------------------------------------------------
     72           */
     73          #define ED_RF_POWER_MIN_DBM   (MAC_RADIO_RECEIVER_SENSITIVITY_DBM + MAC_SPEC_ED_MIN_DBM_ABOVE_RECEIVER_SENSITIVITY)
     74          #define ED_RF_POWER_MAX_DBM   MAC_RADIO_RECEIVER_SATURATION_DBM
     75          
     76          
     77          /* ------------------------------------------------------------------------------------------------
     78           *                                        Global Variables
     79           * ------------------------------------------------------------------------------------------------
     80           */
     81          uint8 macPhyTxPower;
     82          uint8 macPhyChannel;
     83          
     84          
     85          /* ------------------------------------------------------------------------------------------------
     86           *                                        Local Variables
     87           * ------------------------------------------------------------------------------------------------
     88           */
     89          static uint8 reqChannel;
     90          static uint8 reqTxPower;
     91          
     92          
     93          /* ------------------------------------------------------------------------------------------------
     94           *                                        Local Functions
     95           * ------------------------------------------------------------------------------------------------
     96           */
     97          static uint8 radioComputeED(int8 rssiDbm);
     98          
     99          
    100          /**************************************************************************************************
    101           * @fn          macRadioInit
    102           *
    103           * @brief       Initialize radio software.
    104           *
    105           * @param       none
    106           *
    107           * @return      none
    108           **************************************************************************************************
    109           */
    110          MAC_INTERNAL_API void macRadioInit(void)
    111          {
    112            /* variable initialization for this module */
    113            reqChannel    = MAC_RADIO_CHANNEL_DEFAULT;
    114            macPhyChannel = MAC_RADIO_CHANNEL_DEFAULT;
    115            reqTxPower    = MAC_RADIO_TX_POWER_INVALID;
    116            macPhyTxPower = MAC_RADIO_TX_POWER_INVALID;
    117          }
    118          
    119          
    120          /**************************************************************************************************
    121           * @fn          macRadioReset
    122           *
    123           * @brief       Resets the radio module.
    124           *
    125           * @param       none
    126           *
    127           * @return      none
    128           **************************************************************************************************
    129           */
    130          MAC_INTERNAL_API void macRadioReset(void)
    131          {
    132            macRadioStopScan();
    133            macRadioEnergyDetectStop();
    134          }
    135          
    136          
    137          /**************************************************************************************************
    138           * @fn          macRadioRandomByte
    139           *
    140           * @brief       Return a random byte derived from previously set random seed.
    141           *
    142           * @param       none
    143           *
    144           * @return      a random byte
    145           **************************************************************************************************
    146           */
    147          MAC_INTERNAL_API uint8 macRadioRandomByte(void)
    148          {
    149            return(MAC_RADIO_RANDOM_BYTE());
    150          }
    151          
    152          
    153          /**************************************************************************************************
    154           * @fn          macRadioSetPanCoordinator
    155           *
    156           * @brief       Configure the pan coordinator status of the radio
    157           *
    158           * @param       panCoordFlag - non-zero to configure radio to be pan coordinator
    159           *                             zero to configure radio as NON pan coordinator
    160           *
    161           * @return      none
    162           **************************************************************************************************
    163           */
    164          MAC_INTERNAL_API void macRadioSetPanCoordinator(uint8 panCoordFlag)
    165          {
    166            /* abstracted radio configuration */
    167            MAC_RADIO_SET_PAN_COORDINATOR(panCoordFlag);
    168          }
    169          
    170          
    171          /**************************************************************************************************
    172           * @fn          macRadioSetPanID
    173           *
    174           * @brief       Set the pan ID on the radio.
    175           *
    176           * @param       panID - 16 bit PAN identifier
    177           *
    178           * @return      none
    179           **************************************************************************************************
    180           */
    181          void macRadioSetPanID(uint16 panID)
    182          {
    183            /* abstracted radio configuration */
    184            MAC_RADIO_SET_PAN_ID(panID);
    185          }
    186          
    187          
    188          /**************************************************************************************************
    189           * @fn          macRadioSetShortAddr
    190           *
    191           * @brief       Set the short addrss on the radio.
    192           *
    193           * @param       shortAddr - 16 bit short address
    194           *
    195           * @return      none
    196           **************************************************************************************************
    197           */
    198          MAC_INTERNAL_API void macRadioSetShortAddr(uint16 shortAddr)
    199          {
    200            /* abstracted radio configuration */
    201            MAC_RADIO_SET_SHORT_ADDR(shortAddr);
    202          }
    203          
    204          
    205          /**************************************************************************************************
    206           * @fn          macRadioSetIEEEAddr
    207           *
    208           * @brief       Set the IEEE address on the radio.
    209           *
    210           * @param       pIEEEAddr - pointer to array holding 64 bit IEEE address; array must be little
    211           *                          endian format (starts with lowest signficant byte)
    212           *
    213           * @return      none
    214           **************************************************************************************************
    215           */
    216          MAC_INTERNAL_API void macRadioSetIEEEAddr(uint8 * pIEEEAddr)
    217          {
    218            /* abstracted radio configuration */
    219            MAC_RADIO_SET_IEEE_ADDR(pIEEEAddr);
    220          }
    221          
    222          
    223          /**************************************************************************************************
    224           * @fn          macRadioSetTxPower
    225           *
    226           * @brief       Set transmitter power of the radio.
    227           *
    228           * @param       txPower - the minus dBm for power but as a postive integer (or if configured
    229           *                        for it, txPower is the raw register value). If PA/LNA is installed
    230           *                        then txPower becomes positive dBm.
    231           *
    232           * @return      none
    233           **************************************************************************************************
    234           */
    235          #ifndef HAL_MAC_USE_REGISTER_POWER_VALUES
    236          /* - - - - - - - - - - - - - - - - - - - - - - - - - - - - - - - - - - - - - - - - - */
    237          
    238          MAC_INTERNAL_API void macRadioSetTxPower(uint8 txPower)
    239          {
    240            halIntState_t  s;
    241          #if defined MAC_RUNTIME_CC2591 || defined MAC_RUNTIME_CC2590
    242            const uint8 CODE *pTable = macRadioDefsTxPwrTables[macRadioDefsRefTableId >> 4];
    243          #elif defined HAL_PA_LNA || defined HAL_PA_LNA_CC2590
    244            const uint8 CODE *pTable = macRadioDefsTxPwrTables[0];
    245          #else
    246            const uint8 CODE *pTable = macRadioDefsTxPwrBare;
    247          #endif
    248          
    249            /* if the selected dBm is out of range, use the closest available */
    250            if ((int8)txPower > (int8)pTable[MAC_RADIO_DEFS_TBL_TXPWR_FIRST_ENTRY])
    251            {
    252              /* greater than base value -- out of table range */
    253              txPower = pTable[MAC_RADIO_DEFS_TBL_TXPWR_FIRST_ENTRY];
    254            }
    255            else if ((int8)txPower < (int8)pTable[MAC_RADIO_DEFS_TBL_TXPWR_LAST_ENTRY])
    256            {
    257              /* smaller than the lowest power level -- out of table range */
    258              txPower = pTable[MAC_RADIO_DEFS_TBL_TXPWR_LAST_ENTRY];
    259            }
    260          
    261            /*
    262             *  Set the global variable reqTxPower.  This variable is referenced
    263             *  by the function macRadioUpdateTxPower() to write the radio register.
    264             *
    265             *  A lookup table is used to translate the power level to the register
    266             *  value.
    267             */
    268            HAL_ENTER_CRITICAL_SECTION(s);
    269            /* When calculating index to the power register value table,
    270             * either txPower (of uint8 type) has to be explicitly type-casted to int8
    271             * or the subtraction expression has to be type-casted to uint8 to work
    272             * with the integral promotions.
    273             * The latter is more code size efficient and hence the latter is used.
    274             */
    275            {
    276              uint8 index = pTable[MAC_RADIO_DEFS_TBL_TXPWR_FIRST_ENTRY] - txPower
    277                + MAC_RADIO_DEFS_TBL_TXPWR_ENTRIES;
    278              reqTxPower = pTable[index];
    279            }
    280            HAL_EXIT_CRITICAL_SECTION(s);
    281          
    282            /* update the radio power setting */
    283            macRadioUpdateTxPower();
    284          }
    285          
    286          #else
    287          /* - - - - - - - - - - - - - - - - - - - - - - - - - - - - - - - - - - - - - - - - - */
    288          
    289          MAC_INTERNAL_API void macRadioSetTxPower(uint8 txPower)
    290          {
    291            halIntState_t  s;
    292          
    293            /* same as above but with no lookup table, use raw register value */
    294            HAL_ENTER_CRITICAL_SECTION(s);
    295            reqTxPower = txPower;
    296            HAL_EXIT_CRITICAL_SECTION(s);
    297          
    298            /* update the radio power setting */
    299            macRadioUpdateTxPower();
    300          }
    301          
    302          #endif
    303          
    304          
    305          /**************************************************************************************************
    306           * @fn          macRadioUpdateTxPower
    307           *
    308           * @brief       Update the radio's transmit power if a new power level has been requested
    309           *
    310           * @param       reqTxPower - file scope variable that holds the last request power level
    311           *              macPhyTxPower - global variable that holds radio's set power level
    312           *
    313           * @return      none
    314           **************************************************************************************************
    315           */
    316          MAC_INTERNAL_API void macRadioUpdateTxPower(void)
    317          {
    318            halIntState_t  s;
    319          
    320            /*
    321             *  If the requested power setting is different from the actual radio setting,
    322             *  attempt to udpate to the new power setting.
    323             */
    324            HAL_ENTER_CRITICAL_SECTION(s);
    325            if (reqTxPower != macPhyTxPower)
    326            {
    327              /*
    328               *  Radio power cannot be updated when the radio is physically transmitting.
    329               *  If there is a possibility radio is transmitting, do not change the power
    330               *  setting.  This function will be called again after the current transmit
    331               *  completes.
    332               */
    333              if (!macRxOutgoingAckFlag && !MAC_TX_IS_PHYSICALLY_ACTIVE())
    334              {
    335                /*
    336                 *  Set new power level;  update the shadow value and write
    337                 *  the new value to the radio hardware.
    338                 */
    339                macPhyTxPower = reqTxPower;
    340                MAC_RADIO_SET_TX_POWER(macPhyTxPower);
    341              }
    342            }
    343            HAL_EXIT_CRITICAL_SECTION(s);
    344          }
    345          
    346          
    347          /**************************************************************************************************
    348           * @fn          macRadioSetChannel
    349           *
    350           * @brief       Set radio channel.
    351           *
    352           * @param       channel - channel number, valid range is 11 through 26. Allow
    353           *              channels 27 and 28 for some Japanese customers.
    354           *
    355           * @return      none
    356           **************************************************************************************************
    357           */
    358          MAC_INTERNAL_API void macRadioSetChannel(uint8 channel)
    359          {
    360            halIntState_t  s;
    361          
    362            MAC_ASSERT((channel >= 11) && (channel <= 28));  /* illegal channel */
    363          
    364            /* critical section to make sure transmit does not start while updating channel */
    365            HAL_ENTER_CRITICAL_SECTION(s);
    366          
    367            /* set requested channel */
    368            reqChannel = channel;
    369          
    370            /*
    371             *  If transmit is not active, update the radio hardware immediately.  If transmit is active,
    372             *  the channel will be updated at the end of the current transmit.
    373             */
    374            if (!macTxActive)
    375            {
    376              macRadioUpdateChannel();
    377            }
    378          
    379            HAL_EXIT_CRITICAL_SECTION(s);
    380          }
    381          
    382          
    383          /**************************************************************************************************
    384           * @fn          macRadioUpdateChannel
    385           *
    386           * @brief       Update the radio channel if a new channel has been requested.
    387           *
    388           * @param       none
    389           *
    390           * @return      none
    391           **************************************************************************************************
    392           */
    393          MAC_INTERNAL_API void macRadioUpdateChannel(void)
    394          {
    395            halIntState_t  s;
    396          
    397            MAC_ASSERT(!macTxActive); /* cannot change channel during a transmit */
    398          
    399            /* if the channel has changed, set the radio to the new channel */
    400            HAL_ENTER_CRITICAL_SECTION(s);
    401            if (reqChannel != macPhyChannel)
    402            {
    403              macPhyChannel = reqChannel;
    404              HAL_EXIT_CRITICAL_SECTION(s);
    405          
    406              /* changing the channel stops any receive in progress */
    407              macRxOff();
    408              MAC_RADIO_SET_CHANNEL(macPhyChannel);
    409          
    410              /* If the channel is updated in the middle of receiving a frame, we must
    411               * clean up the Rx logic.
    412               */
    413              macRxHaltCleanup();
    414          
    415              macRxOnRequest();
    416            }
    417            else
    418            {
    419              HAL_EXIT_CRITICAL_SECTION(s);
    420            }
    421          }
    422          
    423          
    424          /**************************************************************************************************
    425           * @fn          macRadioStartScan
    426           *
    427           * @brief       Puts radio into selected scan mode.
    428           *
    429           * @param       scanMode - scan mode, see #defines in .h file
    430           *
    431           * @return      none
    432           **************************************************************************************************
    433           */
    434          MAC_INTERNAL_API void macRadioStartScan(uint8 scanMode)
    435          {
    436            MAC_ASSERT(macSleepState == MAC_SLEEP_STATE_AWAKE); /* radio must be awake */
    437            MAC_ASSERT(macRxFilter == RX_FILTER_OFF); /* all filtering must be off to start scan */
    438          
    439            /* set the receive filter based on the selected scan mode */
    440            if (scanMode == MAC_SCAN_ED)
    441            {
    442              macRxFilter = RX_FILTER_ALL;
    443            }
    444            else if (scanMode == MAC_SCAN_ORPHAN)
    445            {
    446              macRxFilter = RX_FILTER_NON_COMMAND_FRAMES;
    447            }
    448            else
    449            {
    450              MAC_ASSERT((scanMode == MAC_SCAN_ACTIVE) || (scanMode == MAC_SCAN_PASSIVE)); /* invalid scan type */
    451              macRxFilter = RX_FILTER_NON_BEACON_FRAMES;
    452          
    453              /* for active and passive scans, per spec the pan ID must be 0xFFFF */
    454              MAC_RADIO_SET_PAN_ID(0xFFFF);
    455            }
    456          }
    457          
    458          
    459          /**************************************************************************************************
    460           * @fn          macRadioStopScan
    461           *
    462           * @brief       Takes radio out of scan mode.  Note can be called if
    463           *
    464           * @param       none
    465           *
    466           * @return      none
    467           **************************************************************************************************
    468           */
    469          MAC_INTERNAL_API void macRadioStopScan(void)
    470          {
    471            macRxFilter = RX_FILTER_OFF;
    472          
    473            /* restore the pan ID (passive and active scans set pan ID to 0xFFFF) */
    474            MAC_RADIO_SET_PAN_ID(macPib.panId);
    475          }
    476          
    477          
    478          /**************************************************************************************************
    479           * @fn          macRadioEnergyDetectStart
    480           *
    481           * @brief       Initiates energy detect.  The highest energy detected is recorded from the time
    482           *              when this function is called until the energy detect is stopped.
    483           *
    484           * @param       none
    485           *
    486           * @return      none
    487           **************************************************************************************************
    488           */
    489          void macRadioEnergyDetectStart(void)
    490          {
    491            MAC_RADIO_RECORD_MAX_RSSI_START();
    492          }
    493          
    494          
    495          /**************************************************************************************************
    496           * @fn          macRadioEnergyDetectStop
    497           *
    498           * @brief       Called at completion of an energy detect.  Note: can be called even if energy
    499           *              detect is already stopped (needed by reset).
    500           *
    501           * @param       none
    502           *
    503           * @return      highest energy detect measurement
    504           **************************************************************************************************
    505           */
    506          uint8 macRadioEnergyDetectStop(void)
    507          {
    508            uint8 rssiDbm;
    509            uint8 energyDetectMeasurement;
    510          
    511            rssiDbm = MAC_RADIO_RECORD_MAX_RSSI_STOP() + MAC_RADIO_RSSI_OFFSET;
    512            MAC_RADIO_RSSI_LNA_OFFSET(rssiDbm);
    513            energyDetectMeasurement = radioComputeED(rssiDbm);
    514          
    515            return(energyDetectMeasurement);
    516          }
    517          
    518          /*=================================================================================================
    519           * @fn          radioComputeED
    520           *
    521           * @brief       Compute energy detect measurement.
    522           *
    523           * @param       rssi - raw RSSI value from radio hardware
    524           *
    525           * @return      energy detect measurement in the range of 0x00-0xFF
    526           *=================================================================================================
    527           */
    528          static uint8 radioComputeED(int8 rssiDbm)
    529          {
    530            uint8 ed;
    531          
    532            /*
    533             *  Keep RF power between minimum and maximum values.
    534             *  This min/max range is derived from datasheet and specification.
    535             */
    536            if (rssiDbm < ED_RF_POWER_MIN_DBM)
    537            {
    538              rssiDbm = ED_RF_POWER_MIN_DBM;
    539            }
    540            else if (rssiDbm > ED_RF_POWER_MAX_DBM)
    541            {
    542              rssiDbm = ED_RF_POWER_MAX_DBM;
    543            }
    544          
    545            /*
    546             *  Create energy detect measurement by normalizing and scaling RF power level.
    547             *
    548             *  Note : The division operation below is designed for maximum accuracy and
    549             *         best granularity.  This is done by grouping the math operations to
    550             *         compute the entire numerator before doing any division.
    551             */
    552            ed = (MAC_SPEC_ED_MAX * (rssiDbm - ED_RF_POWER_MIN_DBM)) / (ED_RF_POWER_MAX_DBM - ED_RF_POWER_MIN_DBM);
    553          
    554            return(ed);
    555          }
    556          
    557          
    558          /**************************************************************************************************
    559           * @fn          macRadioComputeLQI
    560           *
    561           * @brief       Compute link quality indication.
    562           *
    563           * @param       rssi - raw RSSI value from radio hardware
    564           *              corr - correlation value from radio hardware
    565           *
    566           * @return      link quality indicator value
    567           **************************************************************************************************
    568           */
    569          MAC_INTERNAL_API uint8 macRadioComputeLQI(int8 rssiDbm, uint8 corr)
    570          {
    571            (void) corr; /* suppress compiler warning of unused parameter */
    572          
    573            /*
    574             *  Note : Currently the LQI value is simply the energy detect measurement.
    575             *         A more accurate value could be derived by using the correlation
    576             *         value along with the RSSI value.
    577             */
    578            return(radioComputeED(rssiDbm));
    579          }
    580          
    581          
    582          /**************************************************************************************************
    583          */

   Maximum stack usage in bytes:

     Function                      ISTACK PSTACK XSTACK
     --------                      ------ ------ ------
     macRadioComputeLQI                0      0      9
       -> radioComputeED               0      0     18
     macRadioEnergyDetectStart         2      0      0
       -> macMcuRecordMaxRssiStart     4      0      0
     macRadioEnergyDetectStop          2      0      0
       -> macMcuRecordMaxRssiStop      4      0      0
       -> radioComputeED               4      0      0
     macRadioInit                      2      0      0
     macRadioRandomByte                2      0      0
       -> macMcuRandomByte             4      0      0
     macRadioReset                     2      0      0
       -> macRadioStopScan             4      0      0
       -> macRadioEnergyDetectStop     4      0      0
     macRadioSetChannel                0      0      9
       -> halAssertHandler             0      0     18
       -> macRadioUpdateChannel        0      0     18
     macRadioSetIEEEAddr               2      0      0
       -> macMemWriteRam               4      0      0
     macRadioSetPanCoordinator         3      0      0
     macRadioSetPanID                  2      0      0
     macRadioSetShortAddr              2      0      0
     macRadioSetTxPower                1      0      9
       -> macRadioUpdateTxPower        0      0     18
     macRadioStartScan                 0      0      9
       -> halAssertHandler             0      0     18
       -> halAssertHandler             0      0     18
       -> halAssertHandler             0      0     18
     macRadioStopScan                  2      0      0
     macRadioUpdateChannel             2      0      9
       -> halAssertHandler             4      0      0
       -> macRxOff                     4      0      0
       -> macRxHaltCleanup             4      0      0
       -> macRxOnRequest               4      0      0
     macRadioUpdateTxPower             2      0      9
     radioComputeED                    0      0      9


   Segment part sizes:

     Function/Label                    Bytes
     --------------                    -----
     _A_IEN0                              1
     macPhyTxPower                        1
     macPhyChannel                        1
     reqChannel                           1
     reqTxPower                           1
     macRadioInit                        25
     ??Subroutine2_0                      1
     ??Subroutine3_0                      7
     macRadioReset                       12
     macRadioRandomByte                   9
     macRadioSetPanCoordinator           36
     ?Subroutine0                         3
     macRadioSetPanID                    12
     macRadioSetShortAddr                15
     macRadioSetIEEEAddr                 19
     macRadioSetTxPower                  96
     ?Subroutine1                         5
     macRadioUpdateTxPower               58
     macRadioSetChannel                  48
     macRadioUpdateChannel               79
     macRadioStartScan                   73
     macRadioStopScan                    24
     macRadioEnergyDetectStart           10
     macRadioEnergyDetectStop            38
     radioComputeED                      69
     macRadioComputeLQI                  11
     ??macRadioInit?relay                 6
     ??macRadioReset?relay                6
     ??macRadioRandomByte?relay           6
     ??macRadioSetPanCoordinator?relay    6
     ??macRadioSetPanID?relay             6
     ??macRadioSetShortAddr?relay         6
     ??macRadioSetIEEEAddr?relay          6
     ??macRadioSetTxPower?relay           6
     ??macRadioUpdateTxPower?relay        6
     ??macRadioSetChannel?relay           6
     ??macRadioUpdateChannel?relay        6
     ??macRadioStartScan?relay            6
     ??macRadioStopScan?relay             6
     ??macRadioEnergyDetectStart?relay    6
     ??macRadioEnergyDetectStop?relay     6
     ??radioComputeED?relay               6
     ??macRadioComputeLQI?relay           6

 
 650 bytes in segment BANKED_CODE
 102 bytes in segment BANK_RELAYS
   1 byte  in segment SFR_AN
   4 bytes in segment XDATA_Z
 
 752 bytes of CODE  memory
   0 bytes of DATA  memory (+ 1 byte shared)
   4 bytes of XDATA memory

Errors: none
Warnings: none
