###############################################################################
#                                                                             #
# IAR C/C++ Compiler V7.60.1.40026 for 8051             23/Oct/2018  17:27:23 #
# Copyright (C) 2004-2010 IAR Systems AB.                                     #
#                                                                             #
#    Core               =  plain                                              #
#    Code model         =  banked                                             #
#    Data model         =  large                                              #
#    Calling convention =  xdata reentrant                                    #
#    Constant location  =  data_rom                                           #
#    Dptr setup         =  1,16                                               #
#    Source file        =  E:\p4\main\Zigbee\cc2530\mine_project_voice\third_ #
#                          party\TIMAC-CC2530-1.3.1\Components\mac\low_level\ #
#                          srf04\single_chip\mac_rffrontend.c                 #
#    Command line       =  E:\p4\main\Zigbee\cc2530\mine_project_voice\third_ #
#                          party\TIMAC-CC2530-1.3.1\Components\mac\low_level\ #
#                          srf04\single_chip\mac_rffrontend.c -D              #
#                          xSMS_TEMPLATE -D MENU_CLOCKFORMAT -D               #
#                          CELLSWITCH_DEBUG -D MP_INFORMATION -D              #
#                          HOLD_AUTO_START -D SMS_SENDBOX -D NEW_MENU_LIB -D  #
#                          WATCHDOG=TRUE -D NEW_DOUBLE_NVID_OP -D             #
#                          AUDIO_SERIAL -D NWK_AUTO_POLL -D                   #
#                          OSC32K_CRYSTAL_INSTALLED=FALSE -D xAUDIO_TEST -D   #
#                          xSINGLE_AUDIO_TEST -D xMULTIAUDIO_TEST -D          #
#                          xREFLECTOR -D xLCD_SUPPORTED -D HAL_LCD=FALSE -D   #
#                          HAL_AUDIO=TRUE -D HAL_SPI=FALSE -D HAL_UART=FALSE  #
#                          -D HAL_LED=FALSE -D HAL_AES=FALSE -D HAL_KEY=TRUE  #
#                          -D IDX_THRESHOLD=12 -D xMACNODEBUG -D              #
#                          xMAC_NO_PARAM_CHECK -D HAL_AUDIO=TRUE -D           #
#                          HAL_DMA=TRUE -D HAL_AES=FALSE -D                   #
#                          MAC_CFG_TX_DATA_MAX=8 -D MAC_CFG_TX_MAX=12 -D      #
#                          MAC_CFG_RX_MAX=8 -lcN E:\p4\main\Zigbee\cc2530\min #
#                          e_project_voice\app\MobilePhone\iar\Release\List\  #
#                          -lb E:\p4\main\Zigbee\cc2530\mine_project_voice\ap #
#                          p\MobilePhone\iar\Release\List\ -o                 #
#                          E:\p4\main\Zigbee\cc2530\mine_project_voice\app\Mo #
#                          bilePhone\iar\Release\Obj\ -e                      #
#                          --require_prototypes --no_unroll --no_inline       #
#                          --no_code_motion --debug --core=plain --dptr=16,1  #
#                          --data_model=large --code_model=banked             #
#                          --calling_convention=xdata_reentrant               #
#                          --place_constants=data_rom --nr_virtual_regs 16    #
#                          -I E:\p4\main\Zigbee\cc2530\mine_project_voice\app #
#                          \MobilePhone\iar\..\src\ -I                        #
#                          E:\p4\main\Zigbee\cc2530\mine_project_voice\app\Mo #
#                          bilePhone\iar\..\src\MenuLib\ -I                   #
#                          E:\p4\main\Zigbee\cc2530\mine_project_voice\app\Mo #
#                          bilePhone\iar\..\src\MenuLib\util\ -I              #
#                          E:\p4\main\Zigbee\cc2530\mine_project_voice\app\Mo #
#                          bilePhone\iar\..\..\..\third_party\TIMAC-CC2530-1. #
#                          3.1\COMPONENTS\MAC\INCLUDE\ -I                     #
#                          E:\p4\main\Zigbee\cc2530\mine_project_voice\app\Mo #
#                          bilePhone\iar\..\..\..\third_party\TIMAC-CC2530-1. #
#                          3.1\COMPONENTS\MAC\HIGH_LEVEL\ -I                  #
#                          E:\p4\main\Zigbee\cc2530\mine_project_voice\app\Mo #
#                          bilePhone\iar\..\..\..\third_party\TIMAC-CC2530-1. #
#                          3.1\COMPONENTS\MAC\LOW_LEVEL\ -I                   #
#                          E:\p4\main\Zigbee\cc2530\mine_project_voice\app\Mo #
#                          bilePhone\iar\..\..\..\third_party\TIMAC-CC2530-1. #
#                          3.1\COMPONENTS\MAC\LOW_LEVEL\SRF04\ -I             #
#                          E:\p4\main\Zigbee\cc2530\mine_project_voice\app\Mo #
#                          bilePhone\iar\..\..\..\third_party\TIMAC-CC2530-1. #
#                          3.1\COMPONENTS\MAC\LOW_LEVEL\SRF04\SINGLE_CHIP\    #
#                          -I E:\p4\main\Zigbee\cc2530\mine_project_voice\app #
#                          \MobilePhone\iar\..\..\..\third_party\TIMAC-CC2530 #
#                          -1.3.1\COMPONENTS\OSAL\INCLUDE\ -I                 #
#                          E:\p4\main\Zigbee\cc2530\mine_project_voice\app\Mo #
#                          bilePhone\iar\..\..\..\third_party\TIMAC-CC2530-1. #
#                          3.1\COMPONENTS\OSAL\MCU\CC2530\ -I                 #
#                          E:\p4\main\Zigbee\cc2530\mine_project_voice\app\Mo #
#                          bilePhone\iar\..\..\..\third_party\TIMAC-CC2530-1. #
#                          3.1\COMPONENTS\SERVICES\SADDR\ -I                  #
#                          E:\p4\main\Zigbee\cc2530\mine_project_voice\app\Mo #
#                          bilePhone\iar\..\..\..\third_party\TIMAC-CC2530-1. #
#                          3.1\COMPONENTS\SERVICES\SDATA\ -I                  #
#                          E:\p4\main\Zigbee\cc2530\mine_project_voice\app\Mo #
#                          bilePhone\iar\..\..\..\third_party\TIMAC-CC2530-1. #
#                          3.1\COMPONENTS\MT\ -I E:\p4\main\Zigbee\cc2530\min #
#                          e_project_voice\app\MobilePhone\iar\..\..\..\..\.. #
#                          \..\common\ -I E:\p4\main\Zigbee\cc2530\mine_proje #
#                          ct_voice\app\MobilePhone\iar\..\..\..\..\..\common #
#                          \lcd\ -I E:\p4\main\Zigbee\cc2530\mine_project_voi #
#                          ce\app\MobilePhone\iar\..\..\..\..\..\..\common\2g #
#                          \ -I E:\p4\main\Zigbee\cc2530\mine_project_voice\a #
#                          pp\MobilePhone\iar\..\..\..\..\..\..\ -I           #
#                          E:\p4\main\Zigbee\cc2530\mine_project_voice\app\Mo #
#                          bilePhone\iar\..\..\..\driver\ -I                  #
#                          E:\p4\main\Zigbee\cc2530\mine_project_voice\app\Mo #
#                          bilePhone\iar\..\..\..\util\ -I                    #
#                          E:\p4\main\Zigbee\cc2530\mine_project_voice\app\Mo #
#                          bilePhone\iar\..\..\..\driver\include\ -I          #
#                          E:\p4\main\Zigbee\cc2530\mine_project_voice\app\Mo #
#                          bilePhone\iar\..\..\..\driver\common\ -I           #
#                          E:\p4\main\Zigbee\cc2530\mine_project_voice\app\Mo #
#                          bilePhone\iar\..\..\..\driver\MobilePhone\ -I      #
#                          E:\p4\main\Zigbee\cc2530\mine_project_voice\app\Mo #
#                          bilePhone\iar\..\..\..\driver\MobilePhone\audio\   #
#                          -I E:\p4\main\Zigbee\cc2530\mine_project_voice\app #
#                          \MobilePhone\iar\..\..\..\driver\MobilePhone\commo #
#                          n\ -I E:\p4\main\Zigbee\cc2530\mine_project_voice\ #
#                          app\MobilePhone\iar\..\..\..\driver\MobilePhone\ke #
#                          y\ -I E:\p4\main\Zigbee\cc2530\mine_project_voice\ #
#                          app\MobilePhone\iar\..\..\..\driver\MobilePhone\lc #
#                          d\ -I E:\p4\main\Zigbee\cc2530\mine_project_voice\ #
#                          app\MobilePhone\iar\..\..\..\driver\MobilePhone\io #
#                          expand\ -I "C:\Program Files\IAR Systems\Embedded  #
#                          Workbench 5.4\8051\INC\" -I "C:\Program Files\IAR  #
#                          Systems\Embedded Workbench 5.4\8051\INC\CLIB\"     #
#                          -Ohs                                               #
#    List file          =  E:\p4\main\Zigbee\cc2530\mine_project_voice\app\Mo #
#                          bilePhone\iar\Release\List\mac_rffrontend.lst      #
#    Object file        =  E:\p4\main\Zigbee\cc2530\mine_project_voice\app\Mo #
#                          bilePhone\iar\Release\Obj\mac_rffrontend.r51       #
#                                                                             #
#                                                                             #
###############################################################################

E:\p4\main\Zigbee\cc2530\mine_project_voice\third_party\TIMAC-CC2530-1.3.1\Components\mac\low_level\srf04\single_chip\mac_rffrontend.c
      1          /**************************************************************************************************
      2            Filename:       mac_rffrontend.c
      3            Revised:        $Date: 2011/03/14 19:05:02 $
      4            Revision:       $Revision: 1.2 $
      5          
      6            Description:    RF frontend configuration module
      7          
      8          
      9            Copyright 2009 Texas Instruments Incorporated. All rights reserved.
     10          
     11            IMPORTANT: Your use of this Software is limited to those specific rights
     12            granted under the terms of a software license agreement between the user
     13            who downloaded the software, his/her employer (which must be your employer)
     14            and Texas Instruments Incorporated (the "License").  You may not use this
     15            Software unless you agree to abide by the terms of the License. The License
     16            limits your use, and you acknowledge, that the Software may not be modified,
     17            copied or distributed unless embedded on a Texas Instruments microcontroller
     18            or used solely and exclusively in conjunction with a Texas Instruments radio
     19            frequency transceiver, which is integrated into your product.  Other than for
     20            the foregoing purpose, you may not use, reproduce, copy, prepare derivative
     21            works of, modify, distribute, perform, display or sell this Software and/or
     22            its documentation for any purpose.
     23          
     24            YOU FURTHER ACKNOWLEDGE AND AGREE THAT THE SOFTWARE AND DOCUMENTATION ARE
     25            PROVIDED “AS IS?WITHOUT WARRANTY OF ANY KIND, EITHER EXPRESS OR IMPLIED,
     26            INCLUDING WITHOUT LIMITATION, ANY WARRANTY OF MERCHANTABILITY, TITLE,
     27            NON-INFRINGEMENT AND FITNESS FOR A PARTICULAR PURPOSE. IN NO EVENT SHALL
     28            TEXAS INSTRUMENTS OR ITS LICENSORS BE LIABLE OR OBLIGATED UNDER CONTRACT,
     29            NEGLIGENCE, STRICT LIABILITY, CONTRIBUTION, BREACH OF WARRANTY, OR OTHER
     30            LEGAL EQUITABLE THEORY ANY DIRECT OR INDIRECT DAMAGES OR EXPENSES
     31            INCLUDING BUT NOT LIMITED TO ANY INCIDENTAL, SPECIAL, INDIRECT, PUNITIVE
     32            OR CONSEQUENTIAL DAMAGES, LOST PROFITS OR LOST DATA, COST OF PROCUREMENT
     33            OF SUBSTITUTE GOODS, TECHNOLOGY, SERVICES, OR ANY CLAIMS BY THIRD PARTIES
     34            (INCLUDING BUT NOT LIMITED TO ANY DEFENSE THEREOF), OR OTHER SIMILAR COSTS.
     35          
     36            Should you have any questions regarding your right to use this Software,
     37            contact Texas Instruments Incorporated at www.TI.com.
     38          **************************************************************************************************/
     39          
     40          /* ------------------------------------------------------------------------------------------------
     41           *                                             Includes
     42           * ------------------------------------------------------------------------------------------------
     43           */
     44          #include "hal_types.h"
     45          #include "hal_board_cfg.h"
     46          #include "hal_assert.h"
     47          #include "mac_api.h"
     48          
     49          
     50          /* ------------------------------------------------------------------------------------------------
     51           *                                        Global Constants
     52           * ------------------------------------------------------------------------------------------------
     53           */
     54          
     55          /* The following table index definitions are specific to a particular MAC build */
     56          #define MAC_CC2591_TX_PWR_TABLE_IDX   1
     57          #define MAC_CC2590_TX_PWR_TABLE_IDX   2
     58          #define MAC_CC2591_HGM_RSSI_ADJ_IDX   1
     59          #define MAC_CC2591_LGM_RSSI_ADJ_IDX   2
     60          #define MAC_CC2590_HGM_RSSI_ADJ_IDX   3
     61          #define MAC_CC2590_LGM_RSSI_ADJ_IDX   4
     62          
     63          /* ------------------------------------------------------------------------------------------------
     64           *                                           MACROS
     65           * ------------------------------------------------------------------------------------------------
     66           */
     67          //#define HAL_PA_LNA_RX_HGM()                           st( P0_7 = 1; )
     68          //#define HAL_PA_LNA_RX_LGM()                           st( P0_7 = 0; )
     69          
     70          
     71          /* ------------------------------------------------------------------------------------------------
     72           *                                       Function Prototypes
     73           * ------------------------------------------------------------------------------------------------
     74           */
     75          void MAC_RfFrontendSetup(void);
     76          
     77          /**************************************************************************************************
     78           * @fn          MAC_RfFrontendSetup
     79           *
     80           * @brief       Setup RF frontend.
     81           *
     82           * @param       none
     83           *
     84           * @return      none
     85           **************************************************************************************************
     86           */
     87          void MAC_RfFrontendSetup(void)
     88          {
     89            /* 
     90             MobilePhone Board RX_HGM is asserted to Vcc, do not need enable. 
     91             */
     92             
     93            //HAL_PA_LNA_RX_HGM();
     94          
     95            /* Select power register value table and RSSI adjustment value table */
     96            MAC_SetRadioRegTable(MAC_CC2591_TX_PWR_TABLE_IDX, MAC_CC2591_HGM_RSSI_ADJ_IDX);
     97          }
     98          
     99          /**************************************************************************************************
    100           */

   Maximum stack usage in bytes:

     Function                  ISTACK PSTACK XSTACK
     --------                  ------ ------ ------
     MAC_RfFrontendSetup           2      0      0
       -> MAC_SetRadioRegTable     4      0      0


   Segment part sizes:

     Function/Label              Bytes
     --------------              -----
     MAC_RfFrontendSetup           18
     ??MAC_RfFrontendSetup?relay    6

 
 18 bytes in segment BANKED_CODE
  6 bytes in segment BANK_RELAYS
 
 24 bytes of CODE memory

Errors: none
Warnings: none
